
> admin-panel@0.1.0 dev
> next dev --hostname 127.0.0.1 --port 3001

▲ Next.js 16.1.1 (Turbopack)
- Local:         http://127.0.0.1:3001
- Network:       http://127.0.0.1:3001
- Environments: .env.local

✓ Starting...
✓ Ready in 1449ms
 GET /catalogs 200 in 3.6s (compile: 778ms, render: 2.8s)
 GET /products 200 in 3.6s (compile: 1168ms, render: 2.4s)
 GET /products 200 in 2.2s (compile: 6ms, render: 2.2s)
 GET /api/admin/products?summary=1 200 in 1951ms (compile: 1282ms, render: 668ms)
 GET /api/admin/products?summary=1 200 in 763ms (compile: 39ms, render: 724ms)
 GET /api/admin/cuisines 200 in 2.5s (compile: 981ms, render: 1477ms)
 GET /api/admin/recipes 200 in 3.0s (compile: 1680ms, render: 1306ms)
 GET /products 200 in 1963ms (compile: 54ms, render: 1909ms)
 GET /api/admin/products?summary=1 200 in 350ms (compile: 58ms, render: 292ms)
 GET /api/admin/products?category=vegetables&page=1&limit=50 200 in 261ms (compile: 65ms, render: 196ms)
 POST /api/admin/products/icons 200 in 610ms (compile: 325ms, render: 285ms)
 GET /api/admin/products?summary=1 200 in 122ms (compile: 1872µs, render: 120ms)
 GET /api/admin/products?category=vegetables&page=1&limit=50 200 in 159ms (compile: 3ms, render: 156ms)
 GET /api/admin/products?category=vegetables&page=2&limit=50 200 in 233ms (compile: 14ms, render: 218ms)
 GET /api/admin/products?id=30edc859-29e7-4e5d-8647-2eb01eda4032 200 in 270ms (compile: 36ms, render: 234ms)
 GET /products 200 in 342ms (compile: 104ms, render: 238ms)
 GET /api/admin/products?id=e929847b-e63f-45f1-b9f6-ec722e3adcaf 200 in 200ms (compile: 47ms, render: 153ms)
 POST /api/admin/products 200 in 274ms (compile: 26ms, render: 248ms)
 GET /products 200 in 65ms (compile: 11ms, render: 54ms)
✓ Compiled in 1258ms
 GET /products 200 in 340ms (compile: 214ms, render: 126ms)
 GET /api/admin/products?summary=1 200 in 378ms (compile: 51ms, render: 327ms)
 GET /api/admin/products?category=vegetables&page=1&limit=50 200 in 173ms (compile: 32ms, render: 141ms)
 GET /api/admin/products?category=vegetables&page=2&limit=50 200 in 281ms (compile: 8ms, render: 272ms)
 GET /api/admin/products?id=2b1cc402-e46b-45b0-b88e-ec4a756e228c 200 in 194ms (compile: 7ms, render: 187ms)
 POST /api/admin/products 200 in 220ms (compile: 11ms, render: 209ms)
 GET /products 200 in 16ms (compile: 6ms, render: 10ms)
 GET /api/admin/products?summary=1 200 in 107ms (compile: 1317µs, render: 106ms)
 GET /api/admin/products?category=vegetables&page=1&limit=50 200 in 147ms (compile: 4ms, render: 143ms)
 GET /api/admin/products?category=vegetables&page=2&limit=50 200 in 108ms (compile: 4ms, render: 104ms)
 GET /api/admin/products?id=1967b68a-762e-4d5a-bb9b-48d4668fec99 200 in 187ms (compile: 11ms, render: 176ms)
 POST /api/admin/products 200 in 240ms (compile: 17ms, render: 223ms)
 GET /products 200 in 20ms (compile: 9ms, render: 11ms)
 GET /api/admin/products?summary=1 200 in 136ms (compile: 4ms, render: 132ms)
 GET /api/admin/products?category=vegetables&page=1&limit=50 200 in 119ms (compile: 1479µs, render: 117ms)
 GET /api/admin/products?id=11bf8a5f-c42d-493d-a105-4b375cdb8ca5 200 in 225ms (compile: 4ms, render: 221ms)
 POST /api/admin/products 200 in 227ms (compile: 15ms, render: 212ms)
 GET /products 200 in 23ms (compile: 8ms, render: 14ms)
 GET /api/admin/products?summary=1 200 in 105ms (compile: 2ms, render: 103ms)
 GET /api/admin/products?category=vegetables&page=1&limit=50 200 in 119ms (compile: 3ms, render: 116ms)
 GET /api/admin/products?id=e1166a56-58be-4db2-9f90-893d5148328d 200 in 213ms (compile: 24ms, render: 189ms)
 POST /api/admin/products 200 in 255ms (compile: 7ms, render: 248ms)
 GET /products 200 in 49ms (compile: 17ms, render: 33ms)
 GET /api/admin/products?summary=1 200 in 109ms (compile: 1087µs, render: 107ms)
 GET /api/admin/products?category=vegetables&page=1&limit=50 200 in 128ms (compile: 3ms, render: 126ms)
 GET /api/admin/products?id=30d03bcd-88ce-463a-9179-a0d5f8611e90 200 in 198ms (compile: 6ms, render: 192ms)
 POST /api/admin/products 200 in 279ms (compile: 37ms, render: 242ms)
 GET /products 200 in 26ms (compile: 9ms, render: 17ms)
 GET /api/admin/products?summary=1 200 in 136ms (compile: 1626µs, render: 134ms)
 GET /api/admin/products?category=vegetables&page=1&limit=50 200 in 143ms (compile: 3ms, render: 140ms)
 GET /catalogs 200 in 217ms (compile: 97ms, render: 120ms)
 GET /api/admin/cuisines 200 in 578ms (compile: 9ms, render: 570ms)
 GET /api/admin/recipes 200 in 591ms (compile: 156ms, render: 434ms)
 GET /api/admin/cuisines 200 in 101ms (compile: 4ms, render: 97ms)
 GET /api/admin/recipes 200 in 112ms (compile: 1060µs, render: 111ms)
 GET /catalogs/43d27b17-82ac-4619-85f6-64d92c9bbdd5 200 in 1700ms (compile: 1665ms, render: 35ms)
 GET /api/admin/cuisines?id=43d27b17-82ac-4619-85f6-64d92c9bbdd5 200 in 251ms (compile: 10ms, render: 240ms)
 GET /api/admin/recipes 200 in 393ms (compile: 22ms, render: 371ms)
 GET /api/admin/cuisines?id=43d27b17-82ac-4619-85f6-64d92c9bbdd5 200 in 218ms (compile: 29ms, render: 190ms)
 GET /api/admin/recipes 200 in 161ms (compile: 27ms, render: 134ms)
 GET /catalogs 200 in 38ms (compile: 11ms, render: 27ms)
 GET /api/admin/cuisines 200 in 229ms (compile: 14ms, render: 214ms)
 GET /api/admin/recipes 200 in 282ms (compile: 3ms, render: 278ms)
 GET /api/admin/cuisines 200 in 114ms (compile: 1052µs, render: 113ms)
 GET /api/admin/recipes 200 in 176ms (compile: 1985µs, render: 174ms)
 GET /catalogs/33333333-3333-3333-3333-333333333333 200 in 18ms (compile: 7ms, render: 11ms)
 GET /api/admin/cuisines?id=33333333-3333-3333-3333-333333333333 200 in 210ms (compile: 3ms, render: 207ms)
 GET /api/admin/recipes 200 in 218ms (compile: 1085µs, render: 217ms)
 GET /api/admin/cuisines?id=33333333-3333-3333-3333-333333333333 200 in 125ms (compile: 1517µs, render: 123ms)
 GET /api/admin/recipes 200 in 125ms (compile: 2ms, render: 122ms)
 GET /recipes?edit=93c0be7e-2011-459f-b741-12bd1135c76b 200 in 120ms (compile: 100ms, render: 20ms)
 GET /api/admin/cuisines 200 in 169ms (compile: 1724µs, render: 168ms)
 GET /api/admin/recipes?id=93c0be7e-2011-459f-b741-12bd1135c76b 200 in 174ms (compile: 4ms, render: 170ms)
 GET /api/admin/cuisines 200 in 122ms (compile: 3ms, render: 119ms)
 GET /api/admin/recipes?id=93c0be7e-2011-459f-b741-12bd1135c76b 200 in 131ms (compile: 1208µs, render: 130ms)
✓ Compiled in 642ms
✓ Compiled in 1213ms
✓ Compiled in 1ms
 GET /products 200 in 1958ms (compile: 1211ms, render: 747ms)
 GET /recipes?edit=93c0be7e-2011-459f-b741-12bd1135c76b 200 in 1980ms (compile: 1431ms, render: 550ms)
 GET /catalogs 200 in 1944ms (compile: 1677ms, render: 267ms)
 GET /recipes?edit=93c0be7e-2011-459f-b741-12bd1135c76b 200 in 333ms (compile: 5ms, render: 328ms)
 GET /products 200 in 361ms (compile: 22ms, render: 339ms)
 GET /catalogs 200 in 377ms (compile: 45ms, render: 332ms)
 GET /recipes?edit=93c0be7e-2011-459f-b741-12bd1135c76b 200 in 339ms (compile: 27ms, render: 312ms)
 GET /products 200 in 280ms (compile: 38ms, render: 242ms)
 GET /catalogs 200 in 249ms (compile: 8ms, render: 241ms)
 GET /recipes?edit=93c0be7e-2011-459f-b741-12bd1135c76b 200 in 302ms (compile: 21ms, render: 281ms)
 GET /products 200 in 251ms (compile: 3ms, render: 248ms)
 GET /catalogs 200 in 308ms (compile: 8ms, render: 300ms)
 GET /recipes?edit=93c0be7e-2011-459f-b741-12bd1135c76b 200 in 295ms (compile: 4ms, render: 291ms)
 GET /products 200 in 295ms (compile: 23ms, render: 273ms)
 GET /catalogs 200 in 258ms (compile: 13ms, render: 245ms)
 GET /recipes?edit=93c0be7e-2011-459f-b741-12bd1135c76b 200 in 441ms (compile: 151ms, render: 291ms)
 GET /products 200 in 312ms (compile: 42ms, render: 270ms)
 GET /catalogs 200 in 332ms (compile: 10ms, render: 322ms)
 GET /recipes?edit=93c0be7e-2011-459f-b741-12bd1135c76b 200 in 330ms (compile: 17ms, render: 312ms)
 GET /products 200 in 328ms (compile: 176ms, render: 152ms)
 GET /catalogs 200 in 131ms (compile: 5ms, render: 127ms)
 GET /recipes?edit=93c0be7e-2011-459f-b741-12bd1135c76b 200 in 271ms (compile: 11ms, render: 260ms)
 GET /products 200 in 264ms (compile: 35ms, render: 229ms)
 GET /catalogs 200 in 279ms (compile: 8ms, render: 271ms)
 GET /products 200 in 280ms (compile: 56ms, render: 224ms)
 GET /recipes?edit=93c0be7e-2011-459f-b741-12bd1135c76b 200 in 282ms (compile: 32ms, render: 250ms)
 GET /catalogs 200 in 115ms (compile: 4ms, render: 111ms)
 GET /recipes?edit=93c0be7e-2011-459f-b741-12bd1135c76b 200 in 126ms (compile: 11ms, render: 115ms)
 GET /products 200 in 92ms (compile: 1628µs, render: 91ms)
 GET /catalogs 200 in 61ms (compile: 4ms, render: 57ms)
 GET /recipes?edit=93c0be7e-2011-459f-b741-12bd1135c76b 200 in 62ms (compile: 11ms, render: 52ms)
 GET /products 200 in 63ms (compile: 18ms, render: 45ms)
 GET /catalogs 200 in 37ms (compile: 1282µs, render: 36ms)
 GET /recipes?edit=93c0be7e-2011-459f-b741-12bd1135c76b 200 in 57ms (compile: 1090µs, render: 56ms)
 GET /products 200 in 68ms (compile: 1190µs, render: 67ms)
 GET /catalogs 200 in 66ms (compile: 3ms, render: 63ms)
 GET /products 200 in 65ms (compile: 16ms, render: 49ms)
 GET /recipes?edit=93c0be7e-2011-459f-b741-12bd1135c76b 200 in 66ms (compile: 10ms, render: 56ms)
 GET /catalogs 200 in 55ms (compile: 1410µs, render: 53ms)
 GET /recipes?edit=93c0be7e-2011-459f-b741-12bd1135c76b 200 in 55ms (compile: 1556µs, render: 53ms)
 GET /products 200 in 54ms (compile: 1521µs, render: 52ms)
 GET /catalogs 200 in 63ms (compile: 1612µs, render: 61ms)
 GET /recipes?edit=93c0be7e-2011-459f-b741-12bd1135c76b 200 in 64ms (compile: 9ms, render: 54ms)
 GET /products 200 in 65ms (compile: 18ms, render: 47ms)
 GET /catalogs 200 in 66ms (compile: 3ms, render: 63ms)
 GET /recipes?edit=93c0be7e-2011-459f-b741-12bd1135c76b 200 in 57ms (compile: 2ms, render: 55ms)
 GET /products 200 in 59ms (compile: 1458µs, render: 58ms)
 GET /catalogs 200 in 63ms (compile: 1548µs, render: 62ms)
 GET /recipes?edit=93c0be7e-2011-459f-b741-12bd1135c76b 200 in 64ms (compile: 10ms, render: 54ms)
 GET /products 200 in 65ms (compile: 18ms, render: 46ms)
 GET /catalogs 200 in 63ms (compile: 3ms, render: 60ms)
 GET /recipes?edit=93c0be7e-2011-459f-b741-12bd1135c76b 200 in 55ms (compile: 4ms, render: 52ms)
 GET /products 200 in 54ms (compile: 1153µs, render: 53ms)
 GET /catalogs 200 in 62ms (compile: 1642µs, render: 60ms)
 GET /products 200 in 62ms (compile: 22ms, render: 40ms)
 GET /recipes?edit=93c0be7e-2011-459f-b741-12bd1135c76b 200 in 63ms (compile: 9ms, render: 54ms)
 GET /catalogs 200 in 61ms (compile: 1614µs, render: 59ms)
 GET /recipes?edit=93c0be7e-2011-459f-b741-12bd1135c76b 200 in 61ms (compile: 9ms, render: 52ms)
 GET /products 200 in 54ms (compile: 1305µs, render: 52ms)
 GET /catalogs 200 in 55ms (compile: 2ms, render: 53ms)
 GET /recipes?edit=93c0be7e-2011-459f-b741-12bd1135c76b 200 in 64ms (compile: 10ms, render: 54ms)
 GET /products 200 in 73ms (compile: 22ms, render: 50ms)
 GET /catalogs 200 in 77ms (compile: 2ms, render: 75ms)
 GET /recipes?edit=93c0be7e-2011-459f-b741-12bd1135c76b 200 in 78ms (compile: 11ms, render: 67ms)
 GET /products 200 in 67ms (compile: 3ms, render: 64ms)
 GET /catalogs 200 in 63ms (compile: 3ms, render: 59ms)
 GET /recipes?edit=93c0be7e-2011-459f-b741-12bd1135c76b 200 in 63ms (compile: 16ms, render: 47ms)
 GET /products 200 in 51ms (compile: 11ms, render: 40ms)
 GET /catalogs 200 in 59ms (compile: 2ms, render: 56ms)
 GET /recipes?edit=93c0be7e-2011-459f-b741-12bd1135c76b 200 in 59ms (compile: 10ms, render: 48ms)
 GET /products 200 in 43ms (compile: 1029µs, render: 42ms)
 GET /recipes?edit=93c0be7e-2011-459f-b741-12bd1135c76b 200 in 53ms (compile: 10ms, render: 43ms)
 GET /catalogs 200 in 71ms (compile: 4ms, render: 67ms)
 GET /products 200 in 61ms (compile: 8ms, render: 53ms)
 GET /catalogs 200 in 70ms (compile: 2ms, render: 68ms)
 GET /recipes?edit=93c0be7e-2011-459f-b741-12bd1135c76b 200 in 70ms (compile: 11ms, render: 58ms)
 GET /products 200 in 57ms (compile: 7ms, render: 50ms)
 GET /catalogs 200 in 50ms (compile: 2ms, render: 48ms)
 GET /recipes?edit=93c0be7e-2011-459f-b741-12bd1135c76b 200 in 51ms (compile: 1437µs, render: 49ms)
 GET /products 200 in 52ms (compile: 9ms, render: 42ms)
 GET /catalogs 200 in 60ms (compile: 1220µs, render: 59ms)
 GET /recipes?edit=93c0be7e-2011-459f-b741-12bd1135c76b 200 in 60ms (compile: 11ms, render: 49ms)
 GET /products 200 in 60ms (compile: 1577µs, render: 58ms)
 GET /catalogs 200 in 52ms (compile: 2ms, render: 50ms)
 GET /recipes?edit=93c0be7e-2011-459f-b741-12bd1135c76b 200 in 54ms (compile: 3ms, render: 51ms)
 GET /products 200 in 57ms (compile: 10ms, render: 47ms)
 GET /catalogs 200 in 65ms (compile: 1326µs, render: 64ms)
 GET /recipes?edit=93c0be7e-2011-459f-b741-12bd1135c76b 200 in 66ms (compile: 10ms, render: 56ms)
 GET /products 200 in 64ms (compile: 1808µs, render: 63ms)
 GET /catalogs 200 in 54ms (compile: 2ms, render: 52ms)
 GET /recipes?edit=93c0be7e-2011-459f-b741-12bd1135c76b 200 in 44ms (compile: 3ms, render: 41ms)
 GET /products 200 in 54ms (compile: 10ms, render: 44ms)
 GET /catalogs 200 in 43ms (compile: 1430µs, render: 41ms)
 GET /recipes?edit=93c0be7e-2011-459f-b741-12bd1135c76b 200 in 43ms (compile: 12ms, render: 31ms)
 GET /products 200 in 23ms (compile: 3ms, render: 20ms)
 GET /catalogs 200 in 12ms (compile: 1308µs, render: 11ms)
 GET /recipes?edit=93c0be7e-2011-459f-b741-12bd1135c76b 200 in 527ms (compile: 166ms, render: 361ms)
 GET /products 200 in 528ms (compile: 208ms, render: 320ms)
 GET /catalogs 200 in 529ms (compile: 232ms, render: 297ms)
 GET /recipes?edit=93c0be7e-2011-459f-b741-12bd1135c76b 200 in 346ms (compile: 1684µs, render: 344ms)
 GET /products 200 in 347ms (compile: 132ms, render: 215ms)
 GET /catalogs 200 in 309ms (compile: 153ms, render: 156ms)
 GET /recipes?edit=93c0be7e-2011-459f-b741-12bd1135c76b 200 in 139ms (compile: 4ms, render: 136ms)
 GET /products 200 in 139ms (compile: 15ms, render: 125ms)
 GET /catalogs 200 in 140ms (compile: 26ms, render: 114ms)
 GET /products 200 in 137ms (compile: 1573µs, render: 135ms)
 GET /catalogs 200 in 139ms (compile: 20ms, render: 118ms)
 GET /recipes?edit=93c0be7e-2011-459f-b741-12bd1135c76b 200 in 123ms (compile: 22ms, render: 101ms)
 GET /products 200 in 113ms (compile: 12ms, render: 100ms)
 GET /recipes?edit=93c0be7e-2011-459f-b741-12bd1135c76b 200 in 108ms (compile: 35ms, render: 72ms)
 GET /catalogs 200 in 111ms (compile: 25ms, render: 86ms)
 GET /products 200 in 83ms (compile: 3ms, render: 79ms)
 GET /catalogs 200 in 72ms (compile: 5ms, render: 68ms)
 GET /recipes?edit=93c0be7e-2011-459f-b741-12bd1135c76b 200 in 73ms (compile: 12ms, render: 60ms)
 GET /products 200 in 93ms (compile: 1879µs, render: 91ms)
 GET /catalogs 200 in 95ms (compile: 13ms, render: 82ms)
 GET /recipes?edit=93c0be7e-2011-459f-b741-12bd1135c76b 200 in 88ms (compile: 20ms, render: 68ms)
 GET /products 200 in 157ms (compile: 2ms, render: 155ms)
 GET /catalogs 200 in 158ms (compile: 16ms, render: 142ms)
 GET /recipes?edit=93c0be7e-2011-459f-b741-12bd1135c76b 200 in 145ms (compile: 13ms, render: 132ms)
 GET /products 200 in 176ms (compile: 4ms, render: 172ms)
 GET /catalogs 200 in 178ms (compile: 23ms, render: 155ms)
 GET /recipes?edit=93c0be7e-2011-459f-b741-12bd1135c76b 200 in 141ms (compile: 11ms, render: 130ms)
 GET /products 200 in 104ms (compile: 1555µs, render: 102ms)
 GET /catalogs 200 in 79ms (compile: 7ms, render: 72ms)
 GET /recipes?edit=93c0be7e-2011-459f-b741-12bd1135c76b 200 in 79ms (compile: 19ms, render: 60ms)
 GET /products 200 in 74ms (compile: 3ms, render: 71ms)
 GET /catalogs 200 in 64ms (compile: 1947µs, render: 62ms)
 GET /recipes?edit=93c0be7e-2011-459f-b741-12bd1135c76b 200 in 53ms (compile: 1556µs, render: 51ms)
 GET /products 200 in 58ms (compile: 1411µs, render: 57ms)
 GET /catalogs 200 in 61ms (compile: 1813µs, render: 60ms)
 GET /recipes?edit=93c0be7e-2011-459f-b741-12bd1135c76b 200 in 68ms (compile: 9ms, render: 59ms)
 GET /products 200 in 72ms (compile: 2ms, render: 70ms)
 GET /catalogs 200 in 63ms (compile: 2ms, render: 61ms)
 GET /recipes?edit=93c0be7e-2011-459f-b741-12bd1135c76b 200 in 66ms (compile: 1456µs, render: 64ms)
 GET /products 200 in 59ms (compile: 3ms, render: 56ms)
 GET /catalogs 200 in 48ms (compile: 1519µs, render: 47ms)
 GET /recipes?edit=93c0be7e-2011-459f-b741-12bd1135c76b 200 in 58ms (compile: 1834µs, render: 56ms)
 GET /products 200 in 64ms (compile: 3ms, render: 61ms)
 GET /catalogs 200 in 55ms (compile: 2ms, render: 52ms)
 GET /recipes?edit=93c0be7e-2011-459f-b741-12bd1135c76b 200 in 62ms (compile: 2ms, render: 60ms)
 GET /products 200 in 54ms (compile: 1519µs, render: 53ms)
 GET /catalogs 200 in 44ms (compile: 1152µs, render: 43ms)
 GET /recipes?edit=93c0be7e-2011-459f-b741-12bd1135c76b 200 in 44ms (compile: 1475µs, render: 43ms)
 GET /products 200 in 64ms (compile: 3ms, render: 61ms)
 GET /catalogs 200 in 64ms (compile: 9ms, render: 55ms)
 GET /recipes?edit=93c0be7e-2011-459f-b741-12bd1135c76b 200 in 53ms (compile: 1892µs, render: 52ms)
 GET /products 200 in 52ms (compile: 4ms, render: 48ms)
 GET /recipes?edit=93c0be7e-2011-459f-b741-12bd1135c76b 200 in 53ms (compile: 10ms, render: 43ms)
 GET /catalogs 200 in 55ms (compile: 1509µs, render: 53ms)
 GET /products 200 in 72ms (compile: 3ms, render: 69ms)
 GET /catalogs 200 in 65ms (compile: 2ms, render: 63ms)
 GET /recipes?edit=93c0be7e-2011-459f-b741-12bd1135c76b 200 in 65ms (compile: 1388µs, render: 63ms)
 GET /products 200 in 64ms (compile: 4ms, render: 59ms)
 GET /catalogs 200 in 62ms (compile: 3ms, render: 59ms)
 GET /recipes?edit=93c0be7e-2011-459f-b741-12bd1135c76b 200 in 73ms (compile: 9ms, render: 64ms)
 GET /products 200 in 97ms (compile: 1565µs, render: 95ms)
 GET /catalogs 200 in 87ms (compile: 1374µs, render: 86ms)
 GET /recipes?edit=93c0be7e-2011-459f-b741-12bd1135c76b 200 in 85ms (compile: 1836µs, render: 84ms)
 GET /products 200 in 81ms (compile: 4ms, render: 77ms)
 GET /catalogs 200 in 76ms (compile: 1396µs, render: 74ms)
 GET /recipes?edit=93c0be7e-2011-459f-b741-12bd1135c76b 200 in 57ms (compile: 4ms, render: 53ms)
 GET /products 200 in 64ms (compile: 2ms, render: 61ms)
 GET /catalogs 200 in 56ms (compile: 1920µs, render: 54ms)
 GET /recipes?edit=93c0be7e-2011-459f-b741-12bd1135c76b 200 in 56ms (compile: 3ms, render: 53ms)
 GET /products 200 in 56ms (compile: 1823µs, render: 54ms)
 GET /catalogs 200 in 54ms (compile: 1400µs, render: 52ms)
 GET /recipes?edit=93c0be7e-2011-459f-b741-12bd1135c76b 200 in 55ms (compile: 3ms, render: 53ms)
 GET /products 200 in 63ms (compile: 4ms, render: 59ms)
 GET /catalogs 200 in 53ms (compile: 1253µs, render: 52ms)
 GET /recipes?edit=93c0be7e-2011-459f-b741-12bd1135c76b 200 in 44ms (compile: 1400µs, render: 43ms)
 GET /products 200 in 46ms (compile: 1965µs, render: 44ms)
 GET /catalogs 200 in 84ms (compile: 1480µs, render: 83ms)
 GET /recipes?edit=93c0be7e-2011-459f-b741-12bd1135c76b 200 in 76ms (compile: 3ms, render: 73ms)
 GET /products 200 in 92ms (compile: 4ms, render: 88ms)
 GET /catalogs 200 in 83ms (compile: 3ms, render: 81ms)
 GET /recipes?edit=93c0be7e-2011-459f-b741-12bd1135c76b 200 in 76ms (compile: 1541µs, render: 75ms)
 GET /products 200 in 85ms (compile: 26ms, render: 60ms)
 GET /catalogs 200 in 67ms (compile: 1498µs, render: 66ms)
 GET /recipes?edit=93c0be7e-2011-459f-b741-12bd1135c76b 200 in 68ms (compile: 11ms, render: 57ms)
 GET /products 200 in 63ms (compile: 3ms, render: 60ms)
 GET /catalogs 200 in 58ms (compile: 4ms, render: 54ms)
 GET /recipes?edit=93c0be7e-2011-459f-b741-12bd1135c76b 200 in 55ms (compile: 1485µs, render: 54ms)
 GET /products 200 in 57ms (compile: 10ms, render: 47ms)
 GET /catalogs 200 in 62ms (compile: 1786µs, render: 60ms)
 GET /recipes?edit=93c0be7e-2011-459f-b741-12bd1135c76b 200 in 62ms (compile: 10ms, render: 52ms)
 GET /products 200 in 61ms (compile: 2ms, render: 59ms)
 GET /catalogs 200 in 53ms (compile: 4ms, render: 50ms)
 GET /recipes?edit=93c0be7e-2011-459f-b741-12bd1135c76b 200 in 47ms (compile: 1313µs, render: 45ms)
 GET /products 200 in 45ms (compile: 1523µs, render: 43ms)
 GET /catalogs 200 in 54ms (compile: 1463µs, render: 52ms)
 GET /recipes?edit=93c0be7e-2011-459f-b741-12bd1135c76b 200 in 64ms (compile: 10ms, render: 53ms)
 GET /products 200 in 61ms (compile: 2ms, render: 59ms)
 GET /catalogs 200 in 54ms (compile: 3ms, render: 51ms)
 GET /recipes?edit=93c0be7e-2011-459f-b741-12bd1135c76b 200 in 42ms (compile: 1372µs, render: 41ms)
 GET /products 200 in 35ms (compile: 1977µs, render: 33ms)
 GET /catalogs 200 in 23ms (compile: 1731µs, render: 22ms)
 GET /recipes?edit=93c0be7e-2011-459f-b741-12bd1135c76b 200 in 24ms (compile: 10ms, render: 14ms)
 GET /products 200 in 173ms (compile: 61ms, render: 112ms)
 GET /recipes?edit=93c0be7e-2011-459f-b741-12bd1135c76b 200 in 175ms (compile: 86ms, render: 89ms)
 GET /catalogs 200 in 96ms (compile: 29ms, render: 67ms)
 GET /products 200 in 77ms (compile: 3ms, render: 74ms)
 GET /recipes?edit=93c0be7e-2011-459f-b741-12bd1135c76b 200 in 79ms (compile: 1787µs, render: 77ms)
 GET /catalogs 200 in 80ms (compile: 12ms, render: 67ms)
 GET /products 200 in 85ms (compile: 2ms, render: 83ms)
 GET /recipes?edit=93c0be7e-2011-459f-b741-12bd1135c76b 200 in 86ms (compile: 10ms, render: 76ms)
 GET /catalogs 200 in 77ms (compile: 13ms, render: 64ms)
 GET /products 200 in 136ms (compile: 1140µs, render: 135ms)
 GET /recipes?edit=93c0be7e-2011-459f-b741-12bd1135c76b 200 in 129ms (compile: 1713µs, render: 127ms)
 GET /catalogs 200 in 129ms (compile: 18ms, render: 111ms)
 GET /products 200 in 137ms (compile: 3ms, render: 134ms)
 GET /recipes?edit=93c0be7e-2011-459f-b741-12bd1135c76b 200 in 140ms (compile: 26ms, render: 114ms)
 GET /catalogs 200 in 142ms (compile: 48ms, render: 94ms)
 GET /products 200 in 132ms (compile: 1635µs, render: 130ms)
 GET /catalogs 200 in 141ms (compile: 28ms, render: 113ms)
 GET /recipes?edit=93c0be7e-2011-459f-b741-12bd1135c76b 200 in 143ms (compile: 14ms, render: 130ms)
 GET /products 200 in 149ms (compile: 6ms, render: 143ms)
 GET /recipes?edit=93c0be7e-2011-459f-b741-12bd1135c76b 200 in 142ms (compile: 3ms, render: 139ms)
 GET /catalogs 200 in 123ms (compile: 1375µs, render: 121ms)
 GET /products 200 in 122ms (compile: 7ms, render: 114ms)
 GET /recipes?edit=93c0be7e-2011-459f-b741-12bd1135c76b 200 in 123ms (compile: 16ms, render: 107ms)
 GET /catalogs 200 in 109ms (compile: 7ms, render: 102ms)
 GET /products 200 in 120ms (compile: 2ms, render: 118ms)
 GET /recipes?edit=93c0be7e-2011-459f-b741-12bd1135c76b 200 in 111ms (compile: 1536µs, render: 110ms)
 GET /catalogs 200 in 97ms (compile: 6ms, render: 92ms)
 GET /recipes?edit=93c0be7e-2011-459f-b741-12bd1135c76b 200 in 96ms (compile: 21ms, render: 75ms)
 GET /products 200 in 110ms (compile: 12ms, render: 98ms)
 GET /catalogs 200 in 73ms (compile: 2ms, render: 71ms)
 GET /products 200 in 116ms (compile: 2ms, render: 114ms)
 GET /recipes?edit=93c0be7e-2011-459f-b741-12bd1135c76b 200 in 110ms (compile: 3ms, render: 107ms)
 GET /catalogs 200 in 143ms (compile: 6ms, render: 137ms)
 GET /products 200 in 181ms (compile: 3ms, render: 178ms)
 GET /recipes?edit=93c0be7e-2011-459f-b741-12bd1135c76b 200 in 200ms (compile: 13ms, render: 187ms)
 GET /catalogs 200 in 162ms (compile: 7ms, render: 155ms)
 GET /products 200 in 152ms (compile: 1316µs, render: 151ms)
 GET /recipes?edit=93c0be7e-2011-459f-b741-12bd1135c76b 200 in 103ms (compile: 10ms, render: 94ms)
 GET /catalogs 200 in 73ms (compile: 8ms, render: 65ms)
 GET /products 200 in 55ms (compile: 5ms, render: 50ms)
 GET /recipes?edit=93c0be7e-2011-459f-b741-12bd1135c76b 200 in 59ms (compile: 1494µs, render: 58ms)
 GET /catalogs 200 in 60ms (compile: 13ms, render: 46ms)
 GET /products 200 in 74ms (compile: 3ms, render: 72ms)
 GET /recipes?edit=93c0be7e-2011-459f-b741-12bd1135c76b 200 in 64ms (compile: 3ms, render: 61ms)
 GET /catalogs 200 in 62ms (compile: 1563µs, render: 61ms)
 GET /products 200 in 66ms (compile: 2ms, render: 64ms)
 GET /catalogs 200 in 55ms (compile: 10ms, render: 45ms)
 GET /recipes?edit=93c0be7e-2011-459f-b741-12bd1135c76b 200 in 68ms (compile: 1546µs, render: 67ms)
 GET /products 200 in 61ms (compile: 3ms, render: 58ms)
 GET /recipes?edit=93c0be7e-2011-459f-b741-12bd1135c76b 200 in 68ms (compile: 1697µs, render: 66ms)
 GET /catalogs 200 in 60ms (compile: 2ms, render: 58ms)
 GET /products 200 in 65ms (compile: 2ms, render: 63ms)
 GET /recipes?edit=93c0be7e-2011-459f-b741-12bd1135c76b 200 in 85ms (compile: 1424µs, render: 84ms)
 GET /catalogs 200 in 81ms (compile: 1725µs, render: 80ms)
 GET /products 200 in 82ms (compile: 11ms, render: 70ms)
 GET /recipes?edit=93c0be7e-2011-459f-b741-12bd1135c76b 200 in 86ms (compile: 1485µs, render: 85ms)
 GET /catalogs 200 in 76ms (compile: 19ms, render: 58ms)
 GET /products 200 in 57ms (compile: 4ms, render: 53ms)
 GET /recipes?edit=93c0be7e-2011-459f-b741-12bd1135c76b 200 in 56ms (compile: 4ms, render: 53ms)
 GET /catalogs 200 in 55ms (compile: 1806µs, render: 54ms)
 GET /products 200 in 65ms (compile: 10ms, render: 56ms)
 GET /recipes?edit=93c0be7e-2011-459f-b741-12bd1135c76b 200 in 67ms (compile: 1168µs, render: 66ms)
 GET /catalogs 200 in 55ms (compile: 2ms, render: 53ms)
 GET /products 200 in 47ms (compile: 1468µs, render: 45ms)
 GET /recipes?edit=93c0be7e-2011-459f-b741-12bd1135c76b 200 in 57ms (compile: 3ms, render: 54ms)
 GET /catalogs 200 in 64ms (compile: 2ms, render: 62ms)
 GET /products 200 in 55ms (compile: 1529µs, render: 54ms)
 GET /catalogs 200 in 55ms (compile: 11ms, render: 44ms)
 GET /recipes?edit=93c0be7e-2011-459f-b741-12bd1135c76b 200 in 73ms (compile: 3ms, render: 70ms)
 GET /products 200 in 89ms (compile: 1740µs, render: 87ms)
 GET /recipes?edit=93c0be7e-2011-459f-b741-12bd1135c76b 200 in 89ms (compile: 8ms, render: 82ms)
 GET /catalogs 200 in 100ms (compile: 2ms, render: 97ms)
 GET /products 200 in 88ms (compile: 3ms, render: 84ms)
 GET /recipes?edit=93c0be7e-2011-459f-b741-12bd1135c76b 200 in 80ms (compile: 3ms, render: 77ms)
 GET /catalogs 200 in 48ms (compile: 2ms, render: 46ms)
 GET /products 200 in 56ms (compile: 10ms, render: 46ms)
 GET /recipes?edit=93c0be7e-2011-459f-b741-12bd1135c76b 200 in 42ms (compile: 1424µs, render: 40ms)
 GET /catalogs 200 in 58ms (compile: 1807µs, render: 56ms)
 GET /products 200 in 58ms (compile: 11ms, render: 47ms)
 GET /recipes?edit=93c0be7e-2011-459f-b741-12bd1135c76b 200 in 50ms (compile: 2ms, render: 48ms)
 GET /catalogs 200 in 60ms (compile: 5ms, render: 55ms)
 GET /products 200 in 58ms (compile: 9ms, render: 48ms)
 GET /recipes?edit=93c0be7e-2011-459f-b741-12bd1135c76b 200 in 42ms (compile: 1117µs, render: 41ms)
 GET /catalogs 200 in 59ms (compile: 1963µs, render: 57ms)
 GET /products 200 in 60ms (compile: 10ms, render: 49ms)
 GET /recipes?edit=93c0be7e-2011-459f-b741-12bd1135c76b 200 in 58ms (compile: 1143µs, render: 57ms)
 GET /catalogs 200 in 49ms (compile: 1686µs, render: 47ms)
 GET /products 200 in 57ms (compile: 10ms, render: 47ms)
 GET /recipes?edit=93c0be7e-2011-459f-b741-12bd1135c76b 200 in 50ms (compile: 9ms, render: 41ms)
 GET /catalogs 200 in 58ms (compile: 1165µs, render: 56ms)
 GET /products 200 in 50ms (compile: 1215µs, render: 49ms)
 GET /recipes?edit=93c0be7e-2011-459f-b741-12bd1135c76b 200 in 51ms (compile: 3ms, render: 48ms)
 GET /catalogs 200 in 57ms (compile: 2ms, render: 55ms)
 GET /products 200 in 49ms (compile: 1292µs, render: 48ms)
 GET /recipes?edit=93c0be7e-2011-459f-b741-12bd1135c76b 200 in 50ms (compile: 9ms, render: 40ms)
 GET /catalogs 200 in 57ms (compile: 2ms, render: 54ms)
 GET /products 200 in 46ms (compile: 1981µs, render: 44ms)
 GET /recipes?edit=93c0be7e-2011-459f-b741-12bd1135c76b 200 in 37ms (compile: 1371µs, render: 35ms)
 GET /products 200 in 55ms (compile: 9ms, render: 46ms)
 GET /catalogs 200 in 56ms (compile: 1693µs, render: 55ms)
 GET /recipes?edit=93c0be7e-2011-459f-b741-12bd1135c76b 200 in 56ms (compile: 16ms, render: 41ms)
 GET /products 200 in 56ms (compile: 9ms, render: 47ms)
 GET /recipes?edit=93c0be7e-2011-459f-b741-12bd1135c76b 200 in 57ms (compile: 15ms, render: 42ms)
 GET /catalogs 200 in 60ms (compile: 1534µs, render: 58ms)
 GET /catalogs 200 in 44ms (compile: 1232µs, render: 42ms)
 GET /recipes?edit=93c0be7e-2011-459f-b741-12bd1135c76b 200 in 44ms (compile: 17ms, render: 27ms)
 GET /products 200 in 45ms (compile: 10ms, render: 36ms)
 GET /catalogs 200 in 14ms (compile: 1214µs, render: 13ms)
✓ Compiled in 58ms
 GET /api/admin/products?summary=1 200 in 685ms (compile: 100ms, render: 584ms)
✓ Compiled in 43ms
 GET /ingredients-scan 200 in 2.2s (compile: 2.1s, render: 93ms)
 GET /ingredients-scan 200 in 24ms (compile: 1723µs, render: 22ms)
 GET /api/admin/ingredients/missing 200 in 1588ms (compile: 1420ms, render: 168ms)
 GET /ingredients-scan 200 in 1367ms (compile: 156ms, render: 1210ms)
 GET /api/admin/ingredients/missing 200 in 281ms (compile: 25ms, render: 256ms)
 GET /ingredients-scan 200 in 195ms (compile: 19ms, render: 177ms)
 GET /api/admin/ingredients/missing 200 in 706ms (compile: 7ms, render: 699ms)
 GET /products 200 in 302ms (compile: 263ms, render: 38ms)
 GET /api/admin/products?summary=1 200 in 345ms (compile: 21ms, render: 324ms)
 GET /api/admin/products?summary=1 200 in 117ms (compile: 3ms, render: 114ms)
 GET /api/admin/products?category=other&page=1&limit=50 200 in 328ms (compile: 6ms, render: 321ms)
 GET /api/admin/products?id=4618c3e5-27e2-4cd4-87ac-fa3c11fc3e2e 200 in 154ms (compile: 10ms, render: 145ms)
 POST /api/admin/products 200 in 235ms (compile: 13ms, render: 222ms)
 GET /products 200 in 41ms (compile: 9ms, render: 32ms)
 GET /api/admin/products?summary=1 200 in 128ms (compile: 27ms, render: 101ms)
 GET /api/admin/products?category=other&page=1&limit=50 200 in 106ms (compile: 1311µs, render: 105ms)
 GET /products 200 in 15ms (compile: 3ms, render: 12ms)
 GET /ingredients-scan 200 in 40ms (compile: 8ms, render: 32ms)
 GET /api/admin/ingredients/missing 200 in 321ms (compile: 6ms, render: 315ms)
 GET /api/admin/ingredients/missing 200 in 229ms (compile: 3ms, render: 226ms)
 GET /ingredients-scan 200 in 551ms (compile: 144ms, render: 407ms)
 GET /api/admin/ingredients/missing 200 in 1416ms (compile: 730ms, render: 686ms)
 GET /api/admin/ingredients/missing 200 in 326ms (compile: 27ms, render: 299ms)
 GET /ingredients-scan 200 in 469ms (compile: 137ms, render: 333ms)
 GET /api/admin/ingredients/missing 200 in 1694ms (compile: 542ms, render: 1153ms)
 GET /products?prefill=%D0%AF%D0%B9%D1%86%D0%BE&return=scan&link=%D0%AF%D0%B9%D1%86%D0%BE 200 in 61ms (compile: 18ms, render: 43ms)
 GET /api/admin/products?summary=1 200 in 488ms (compile: 20ms, render: 469ms)
 GET /api/admin/products?summary=1 200 in 152ms (compile: 5ms, render: 147ms)
 GET /products 200 in 134ms (compile: 69ms, render: 65ms)
 GET /ingredients-scan 200 in 25ms (compile: 6ms, render: 19ms)
 GET /api/admin/ingredients/missing 200 in 630ms (compile: 8ms, render: 622ms)
 GET /api/admin/ingredients/missing 200 in 362ms (compile: 6ms, render: 356ms)
 GET /products?prefill=%D0%93%D1%80%D0%B8%D0%B1%D1%8B&return=scan&link=%D0%93%D1%80%D0%B8%D0%B1%D1%8B 200 in 36ms (compile: 12ms, render: 24ms)
 GET /api/admin/products?summary=1 200 in 367ms (compile: 8ms, render: 359ms)
 GET /api/admin/products?summary=1 200 in 151ms (compile: 3ms, render: 149ms)
 POST /api/admin/ai/product 200 in 7.5s (compile: 230ms, render: 7.2s)
 GET /products 200 in 63ms (compile: 15ms, render: 49ms)
 GET /ingredients-scan 200 in 20ms (compile: 5ms, render: 15ms)
 GET /api/admin/ingredients/missing 200 in 436ms (compile: 5ms, render: 431ms)
 GET /api/admin/ingredients/missing 200 in 305ms (compile: 2ms, render: 302ms)
 GET /products?prefill=%D0%93%D1%80%D0%B8%D0%B1%D1%8B&return=scan&link=%D0%93%D1%80%D0%B8%D0%B1%D1%8B 200 in 34ms (compile: 7ms, render: 27ms)
 GET /api/admin/products?summary=1 200 in 163ms (compile: 3ms, render: 160ms)
 GET /api/admin/products?summary=1 200 in 150ms (compile: 1897µs, render: 149ms)
 POST /api/admin/ai/product 200 in 6.4s (compile: 10ms, render: 6.4s)
 POST /api/admin/products 200 in 333ms (compile: 13ms, render: 320ms)
 POST /api/admin/ingredients/link 200 in 1293ms (compile: 645ms, render: 648ms)
 GET /ingredients-scan 200 in 37ms (compile: 4ms, render: 33ms)
 GET /api/admin/products?summary=1 200 in 151ms (compile: 27ms, render: 124ms)
 GET /ingredients-scan 200 in 21ms (compile: 3ms, render: 18ms)
 GET /api/admin/ingredients/missing 200 in 275ms (compile: 4ms, render: 271ms)
 GET /api/admin/ingredients/missing 200 in 272ms (compile: 1251µs, render: 270ms)
 POST /api/admin/ingredients/link 400 in 220ms (compile: 8ms, render: 212ms)
 POST /api/admin/ingredients/link 400 in 113ms (compile: 1360µs, render: 112ms)
 GET /products?prefill=%D0%AF%D0%B9%D1%86%D0%BE&return=scan&link=%D0%AF%D0%B9%D1%86%D0%BE 200 in 172ms (compile: 67ms, render: 105ms)
 GET /api/admin/products?summary=1 200 in 441ms (compile: 14ms, render: 427ms)
 GET /api/admin/products?summary=1 200 in 131ms (compile: 3ms, render: 128ms)
 POST /api/admin/ai/product 200 in 5.4s (compile: 69ms, render: 5.3s)
 POST /api/admin/products 200 in 234ms (compile: 19ms, render: 215ms)
 POST /api/admin/ingredients/link 200 in 808ms (compile: 2ms, render: 806ms)
 GET /ingredients-scan 200 in 31ms (compile: 7ms, render: 24ms)
 GET /api/admin/products?summary=1 200 in 107ms (compile: 1753µs, render: 106ms)
 GET /api/admin/ingredients/missing 200 in 447ms (compile: 22ms, render: 425ms)
 GET /ingredients-scan 200 in 21ms (compile: 5ms, render: 17ms)
 GET /api/admin/ingredients/missing 200 in 267ms (compile: 32ms, render: 234ms)
 GET /ingredients-scan 200 in 2.8s (compile: 42ms, render: 2.7s)
 GET /api/admin/ingredients/missing 200 in 1376ms (compile: 4ms, render: 1372ms)
 POST /api/admin/ingredients/link 400 in 206ms (compile: 26ms, render: 180ms)
 GET /ingredients-scan 200 in 207ms (compile: 29ms, render: 178ms)
 GET /api/admin/ingredients/missing 200 in 385ms (compile: 6ms, render: 378ms)
 POST /api/admin/ingredients/link 400 in 535ms (compile: 261ms, render: 274ms)
 POST /api/admin/ingredients/link 400 in 254ms (compile: 12ms, render: 242ms)
 GET /products?prefill=%D0%9F%D0%B0%D1%80%D0%BC%D0%B5%D0%B7%D0%B0%D0%BD&return=scan&link=%D0%9F%D0%B0%D1%80%D0%BC%D0%B5%D0%B7%D0%B0%D0%BD 200 in 188ms (compile: 24ms, render: 164ms)
 GET /api/admin/products?summary=1 200 in 191ms (compile: 7ms, render: 184ms)
 GET /api/admin/products?summary=1 200 in 124ms (compile: 3ms, render: 121ms)
 GET /products 200 in 23ms (compile: 4ms, render: 19ms)
 GET /ingredients-scan 200 in 15ms (compile: 3ms, render: 12ms)
 GET /api/admin/ingredients/missing 200 in 278ms (compile: 2ms, render: 276ms)
 GET /api/admin/ingredients/missing 200 in 241ms (compile: 1075µs, render: 240ms)
 POST /api/admin/ingredients/link 400 in 245ms (compile: 6ms, render: 239ms)
 GET /ingredients-scan 200 in 101ms (compile: 22ms, render: 79ms)
 GET /api/admin/ingredients/missing 200 in 364ms (compile: 3ms, render: 361ms)
 POST /api/admin/ingredients/link 400 in 804ms (compile: 288ms, render: 517ms)
✓ Compiled in 235ms
 GET /api/admin/ingredients/missing 200 in 1151ms (compile: 39ms, render: 1111ms)
 GET /ingredients-scan 200 in 733ms (compile: 401ms, render: 332ms)
 GET /api/admin/ingredients/missing 200 in 612ms (compile: 16ms, render: 596ms)
 GET /api/admin/products?search=%D0%AF%D0%B9%D1%86%D0%B0&limit=50 200 in 133ms (compile: 7ms, render: 127ms)
 GET /api/admin/products?search=%D0%AF%D0%B9%D1%86&limit=50 200 in 194ms (compile: 12ms, render: 182ms)
 POST /api/admin/ingredients/link 200 in 1077ms (compile: 196ms, render: 881ms)
 GET /api/admin/ingredients/missing 200 in 241ms (compile: 8ms, render: 233ms)
 GET /products?prefill=%D0%AF%D0%B3%D0%BE%D0%B4%D1%8B&return=scan&link=%D0%AF%D0%B3%D0%BE%D0%B4%D1%8B 200 in 40ms (compile: 14ms, render: 26ms)
 GET /api/admin/products?summary=1 200 in 319ms (compile: 8ms, render: 311ms)
 GET /api/admin/products?summary=1 200 in 97ms (compile: 2ms, render: 95ms)
 POST /api/admin/ai/product 200 in 5.9s (compile: 83ms, render: 5.8s)
 POST /api/admin/products 200 in 239ms (compile: 8ms, render: 232ms)
 POST /api/admin/ingredients/link 200 in 745ms (compile: 4ms, render: 741ms)
 GET /ingredients-scan 200 in 37ms (compile: 11ms, render: 26ms)
 GET /api/admin/products?summary=1 200 in 172ms (compile: 1506µs, render: 170ms)
 GET /api/admin/ingredients/missing 200 in 682ms (compile: 257ms, render: 425ms)
 GET /api/admin/ingredients/missing 200 in 238ms (compile: 12ms, render: 227ms)
 GET /products 200 in 46ms (compile: 17ms, render: 28ms)
 GET /api/admin/products?summary=1 200 in 197ms (compile: 25ms, render: 173ms)
 GET /api/admin/products?summary=1 200 in 171ms (compile: 1579µs, render: 170ms)
 GET /catalogs 200 in 2.8s (compile: 447ms, render: 2.3s)
 GET /products 200 in 2.8s (compile: 926ms, render: 1857ms)
 GET /products 200 in 1282ms (compile: 395ms, render: 887ms)
 GET /catalogs 200 in 1250ms (compile: 921ms, render: 329ms)
 GET /catalogs 200 in 223ms (compile: 11ms, render: 212ms)
 GET /products 200 in 240ms (compile: 52ms, render: 188ms)
 GET /catalogs 200 in 164ms (compile: 5ms, render: 160ms)
 GET /products 200 in 169ms (compile: 27ms, render: 142ms)
 GET /catalogs 200 in 152ms (compile: 3ms, render: 150ms)
 GET /products 200 in 182ms (compile: 37ms, render: 145ms)
 GET /catalogs 200 in 163ms (compile: 6ms, render: 157ms)
 GET /products 200 in 168ms (compile: 28ms, render: 139ms)
 GET /catalogs 200 in 175ms (compile: 7ms, render: 168ms)
 GET /products 200 in 174ms (compile: 24ms, render: 150ms)
 GET /catalogs 200 in 168ms (compile: 3ms, render: 165ms)
 GET /products 200 in 136ms (compile: 12ms, render: 124ms)
 GET /catalogs 200 in 114ms (compile: 8ms, render: 107ms)
 GET /products 200 in 114ms (compile: 32ms, render: 82ms)
 GET /catalogs 200 in 172ms (compile: 4ms, render: 169ms)
 GET /products 200 in 176ms (compile: 22ms, render: 154ms)
 GET /products 200 in 190ms (compile: 7ms, render: 183ms)
 GET /catalogs 200 in 194ms (compile: 21ms, render: 172ms)
 GET /products 200 in 135ms (compile: 7ms, render: 128ms)
 GET /catalogs 200 in 165ms (compile: 33ms, render: 132ms)
 GET /catalogs 200 in 165ms (compile: 37ms, render: 128ms)
 GET /products 200 in 170ms (compile: 11ms, render: 158ms)
 GET /products 200 in 157ms (compile: 9ms, render: 148ms)
 GET /catalogs 200 in 155ms (compile: 34ms, render: 121ms)
 GET /products 200 in 157ms (compile: 5ms, render: 151ms)
 GET /catalogs 200 in 185ms (compile: 1689µs, render: 183ms)
 GET /products 200 in 167ms (compile: 11ms, render: 156ms)
 GET /catalogs 200 in 181ms (compile: 4ms, render: 177ms)
 GET /products 200 in 208ms (compile: 8ms, render: 201ms)
 GET /catalogs 200 in 206ms (compile: 50ms, render: 156ms)
 GET /products 200 in 169ms (compile: 4ms, render: 164ms)
 GET /catalogs 200 in 171ms (compile: 30ms, render: 141ms)
 GET /products 200 in 131ms (compile: 5ms, render: 126ms)
 GET /catalogs 200 in 161ms (compile: 11ms, render: 150ms)
 GET /catalogs 200 in 154ms (compile: 18ms, render: 136ms)
 GET /products 200 in 167ms (compile: 7ms, render: 160ms)
 GET /catalogs 200 in 159ms (compile: 10ms, render: 149ms)
 GET /products 200 in 166ms (compile: 36ms, render: 130ms)
 GET /catalogs 200 in 172ms (compile: 10ms, render: 162ms)
 GET /products 200 in 175ms (compile: 25ms, render: 151ms)
 GET /products 200 in 180ms (compile: 23ms, render: 157ms)
 GET /catalogs 200 in 184ms (compile: 6ms, render: 179ms)
 GET /catalogs 200 in 151ms (compile: 12ms, render: 139ms)
 GET /products 200 in 161ms (compile: 36ms, render: 125ms)
 GET /catalogs 200 in 144ms (compile: 9ms, render: 135ms)
 GET /products 200 in 123ms (compile: 6ms, render: 116ms)
 GET /catalogs 200 in 134ms (compile: 2ms, render: 132ms)
 GET /products 200 in 136ms (compile: 18ms, render: 118ms)
 GET /products 200 in 168ms (compile: 3ms, render: 166ms)
 GET /catalogs 200 in 172ms (compile: 18ms, render: 154ms)
 GET /products 200 in 174ms (compile: 5ms, render: 169ms)
 GET /catalogs 200 in 151ms (compile: 4ms, render: 147ms)
 GET /products 200 in 165ms (compile: 3ms, render: 162ms)
 GET /catalogs 200 in 168ms (compile: 26ms, render: 142ms)
 GET /catalogs 200 in 136ms (compile: 26ms, render: 110ms)
 GET /products 200 in 140ms (compile: 7ms, render: 132ms)
 GET /products 200 in 133ms (compile: 4ms, render: 129ms)
 GET /catalogs 200 in 112ms (compile: 3ms, render: 109ms)
 GET /products 200 in 118ms (compile: 4ms, render: 114ms)
 GET /catalogs 200 in 125ms (compile: 18ms, render: 106ms)
 GET /products 200 in 115ms (compile: 3ms, render: 111ms)
 GET /catalogs 200 in 130ms (compile: 18ms, render: 112ms)
 GET /products 200 in 126ms (compile: 6ms, render: 120ms)
 GET /catalogs 200 in 125ms (compile: 19ms, render: 106ms)
 GET /products 200 in 88ms (compile: 7ms, render: 82ms)
 GET /catalogs 200 in 122ms (compile: 27ms, render: 95ms)
 GET /catalogs 200 in 127ms (compile: 16ms, render: 111ms)
 GET /products 200 in 132ms (compile: 3ms, render: 129ms)
 GET /catalogs 200 in 142ms (compile: 7ms, render: 135ms)
 GET /products 200 in 146ms (compile: 22ms, render: 123ms)
 GET /catalogs 200 in 101ms (compile: 5ms, render: 96ms)
 GET /products 200 in 102ms (compile: 18ms, render: 84ms)
 GET /products 200 in 79ms (compile: 4ms, render: 75ms)
 GET /products 200 in 98ms (compile: 7ms, render: 91ms)
 GET /products 200 in 284ms (compile: 8ms, render: 276ms)
 GET /products 200 in 363ms (compile: 3ms, render: 360ms)
 GET /products 200 in 341ms (compile: 2ms, render: 338ms)
 GET /products 200 in 339ms (compile: 33ms, render: 307ms)
 GET /products 200 in 169ms (compile: 8ms, render: 162ms)
 GET /products 200 in 229ms (compile: 6ms, render: 223ms)
 GET /products 200 in 237ms (compile: 6ms, render: 231ms)
 GET /products 200 in 199ms (compile: 3ms, render: 195ms)
 GET /products 200 in 91ms (compile: 4ms, render: 87ms)
 GET /products 200 in 58ms (compile: 2ms, render: 55ms)
 GET /products 200 in 45ms (compile: 2ms, render: 43ms)
 GET /products 200 in 47ms (compile: 3ms, render: 44ms)
 GET /products 200 in 56ms (compile: 2ms, render: 54ms)
 GET /products 200 in 97ms (compile: 3ms, render: 94ms)
 GET /products 200 in 85ms (compile: 6ms, render: 80ms)
 GET /products 200 in 98ms (compile: 4ms, render: 94ms)
 GET /products 200 in 212ms (compile: 19ms, render: 193ms)
 GET /products 200 in 205ms (compile: 3ms, render: 203ms)
 GET /products 200 in 286ms (compile: 4ms, render: 282ms)
 GET /products 200 in 345ms (compile: 57ms, render: 288ms)
 GET /products 200 in 402ms (compile: 17ms, render: 385ms)
 GET /products 200 in 330ms (compile: 10ms, render: 320ms)
 GET /products 200 in 263ms (compile: 13ms, render: 251ms)
 GET /products 200 in 86ms (compile: 3ms, render: 83ms)
 GET /products 200 in 76ms (compile: 11ms, render: 65ms)
 GET /products 200 in 78ms (compile: 1288µs, render: 77ms)
 GET /products 200 in 102ms (compile: 7ms, render: 95ms)
 GET /products 200 in 120ms (compile: 1315µs, render: 118ms)
 GET /products 200 in 130ms (compile: 7ms, render: 123ms)
 GET /products 200 in 113ms (compile: 5ms, render: 108ms)
 GET /products 200 in 81ms (compile: 6ms, render: 75ms)
 GET /products 200 in 121ms (compile: 4ms, render: 117ms)
 GET /products 200 in 142ms (compile: 1768µs, render: 140ms)
 GET /products 200 in 125ms (compile: 18ms, render: 107ms)
 GET /products 200 in 63ms (compile: 5ms, render: 58ms)
 GET /products 200 in 39ms (compile: 3ms, render: 36ms)
 GET /catalogs 200 in 1623ms (compile: 736ms, render: 887ms)
 GET /products 200 in 1636ms (compile: 1118ms, render: 519ms)
 GET /catalogs 200 in 739ms (compile: 3ms, render: 736ms)
 GET /products 200 in 763ms (compile: 39ms, render: 724ms)
 GET /catalogs 200 in 588ms (compile: 47ms, render: 541ms)
 GET /products 200 in 564ms (compile: 44ms, render: 519ms)
 GET /catalogs 200 in 613ms (compile: 21ms, render: 592ms)
 GET /products 200 in 615ms (compile: 201ms, render: 414ms)
 GET /products 200 in 217ms (compile: 5ms, render: 212ms)
 GET /catalogs 200 in 276ms (compile: 23ms, render: 253ms)
 GET /products 200 in 328ms (compile: 8ms, render: 320ms)
 GET /catalogs 200 in 330ms (compile: 53ms, render: 277ms)
 GET /products 200 in 311ms (compile: 12ms, render: 298ms)
 GET /catalogs 200 in 315ms (compile: 44ms, render: 271ms)
 GET /products 200 in 235ms (compile: 21ms, render: 214ms)
 GET /catalogs 200 in 238ms (compile: 52ms, render: 186ms)
 GET /products 200 in 171ms (compile: 13ms, render: 158ms)
 GET /catalogs 200 in 169ms (compile: 46ms, render: 122ms)
 GET /products 200 in 134ms (compile: 6ms, render: 129ms)
 GET /catalogs 200 in 136ms (compile: 19ms, render: 117ms)
 GET /products 200 in 111ms (compile: 6ms, render: 106ms)
 GET /catalogs 200 in 117ms (compile: 16ms, render: 101ms)
 GET /catalogs 200 in 97ms (compile: 24ms, render: 74ms)
 GET /products 200 in 99ms (compile: 4ms, render: 95ms)
 GET /products 200 in 70ms (compile: 2ms, render: 68ms)
 GET /catalogs 200 in 70ms (compile: 11ms, render: 59ms)
 GET /products 200 in 60ms (compile: 1678µs, render: 58ms)
 GET /catalogs 200 in 70ms (compile: 16ms, render: 55ms)
 GET /products 200 in 60ms (compile: 1421µs, render: 59ms)
 GET /catalogs 200 in 73ms (compile: 9ms, render: 64ms)
 GET /products 200 in 106ms (compile: 1662µs, render: 104ms)
 GET /catalogs 200 in 107ms (compile: 12ms, render: 95ms)
 GET /products 200 in 117ms (compile: 4ms, render: 112ms)
 GET /catalogs 200 in 104ms (compile: 3ms, render: 101ms)
 GET /products 200 in 117ms (compile: 4ms, render: 112ms)
 GET /catalogs 200 in 115ms (compile: 41ms, render: 75ms)
 GET /products 200 in 74ms (compile: 1704µs, render: 72ms)
 GET /catalogs 200 in 83ms (compile: 9ms, render: 74ms)
 GET /products 200 in 80ms (compile: 3ms, render: 77ms)
 GET /catalogs 200 in 66ms (compile: 1472µs, render: 65ms)
 GET /products 200 in 89ms (compile: 3ms, render: 86ms)
 GET /catalogs 200 in 80ms (compile: 2ms, render: 77ms)
 GET /products 200 in 81ms (compile: 1871µs, render: 79ms)
 GET /catalogs 200 in 94ms (compile: 10ms, render: 83ms)
 GET /products 200 in 109ms (compile: 1435µs, render: 108ms)
 GET /catalogs 200 in 105ms (compile: 2ms, render: 102ms)
 GET /products 200 in 117ms (compile: 4ms, render: 113ms)
 GET /catalogs 200 in 106ms (compile: 1463µs, render: 105ms)
 GET /products 200 in 99ms (compile: 6ms, render: 93ms)
 GET /catalogs 200 in 80ms (compile: 11ms, render: 69ms)
 GET /products 200 in 68ms (compile: 1518µs, render: 66ms)
 GET /catalogs 200 in 68ms (compile: 11ms, render: 57ms)
 GET /products 200 in 71ms (compile: 4ms, render: 67ms)
 GET /catalogs 200 in 61ms (compile: 2ms, render: 59ms)
 GET /products 200 in 61ms (compile: 7ms, render: 54ms)
 GET /catalogs 200 in 65ms (compile: 4ms, render: 61ms)
 GET /products 200 in 54ms (compile: 2ms, render: 52ms)
 GET /catalogs 200 in 57ms (compile: 10ms, render: 47ms)
 GET /products 200 in 53ms (compile: 1765µs, render: 51ms)
 GET /catalogs 200 in 52ms (compile: 1476µs, render: 50ms)
 GET /products 200 in 52ms (compile: 1147µs, render: 51ms)
 GET /catalogs 200 in 51ms (compile: 2ms, render: 49ms)
 GET /products 200 in 53ms (compile: 1579µs, render: 52ms)
 GET /catalogs 200 in 55ms (compile: 10ms, render: 44ms)
 GET /products 200 in 54ms (compile: 1150µs, render: 52ms)
 GET /catalogs 200 in 51ms (compile: 1245µs, render: 50ms)
 GET /products 200 in 57ms (compile: 4ms, render: 53ms)
 GET /catalogs 200 in 53ms (compile: 4ms, render: 49ms)
 GET /products 200 in 53ms (compile: 1086µs, render: 52ms)
 GET /catalogs 200 in 55ms (compile: 1327µs, render: 54ms)
 GET /products 200 in 47ms (compile: 4ms, render: 43ms)
 GET /catalogs 200 in 58ms (compile: 3ms, render: 55ms)
 GET /products 200 in 57ms (compile: 2ms, render: 55ms)
 GET /catalogs 200 in 55ms (compile: 3ms, render: 52ms)
 GET /products 200 in 51ms (compile: 3ms, render: 49ms)
 GET /catalogs 200 in 66ms (compile: 1435µs, render: 65ms)
 GET /products 200 in 57ms (compile: 2ms, render: 55ms)
 GET /catalogs 200 in 55ms (compile: 1167µs, render: 54ms)
 GET /products 200 in 49ms (compile: 2ms, render: 47ms)
 GET /catalogs 200 in 63ms (compile: 1780µs, render: 61ms)
 GET /products 200 in 53ms (compile: 1240µs, render: 51ms)
 GET /products 200 in 40ms (compile: 1128µs, render: 39ms)
 GET /products 200 in 193ms (compile: 2ms, render: 191ms)
 GET /products 200 in 212ms (compile: 1287µs, render: 211ms)
 GET /products 200 in 209ms (compile: 3ms, render: 207ms)
 GET /products 200 in 145ms (compile: 3ms, render: 142ms)
 GET /products 200 in 40ms (compile: 1947µs, render: 38ms)
 GET /products 200 in 120ms (compile: 1850µs, render: 119ms)
 GET /products 200 in 232ms (compile: 1250µs, render: 231ms)
 GET /products 200 in 241ms (compile: 3ms, render: 238ms)
 GET /products 200 in 228ms (compile: 3ms, render: 224ms)
 GET /products 200 in 158ms (compile: 54ms, render: 104ms)
 GET /products 200 in 51ms (compile: 6ms, render: 45ms)
 GET /products 200 in 42ms (compile: 3ms, render: 39ms)
 GET /products 200 in 37ms (compile: 1099µs, render: 36ms)
 GET /products 200 in 39ms (compile: 2ms, render: 36ms)
 GET /products 200 in 46ms (compile: 3ms, render: 43ms)
 GET /products 200 in 41ms (compile: 1225µs, render: 40ms)
 GET /products 200 in 36ms (compile: 2ms, render: 34ms)
 GET /products 200 in 48ms (compile: 1078µs, render: 47ms)
 GET /products 200 in 47ms (compile: 1290µs, render: 45ms)
 GET /products 200 in 46ms (compile: 3ms, render: 42ms)
 GET /products 200 in 41ms (compile: 2ms, render: 39ms)
 GET /products 200 in 30ms (compile: 1078µs, render: 29ms)
 GET /products 200 in 58ms (compile: 1097µs, render: 57ms)
 GET /products 200 in 50ms (compile: 1633µs, render: 48ms)
 GET /products 200 in 50ms (compile: 1877µs, render: 49ms)
 GET /products 200 in 59ms (compile: 1063µs, render: 58ms)
 GET /products 200 in 40ms (compile: 2ms, render: 38ms)
 GET /products 200 in 43ms (compile: 2ms, render: 41ms)
 GET /products 200 in 36ms (compile: 1333µs, render: 35ms)
 GET /products 200 in 36ms (compile: 1253µs, render: 35ms)
 GET /products 200 in 37ms (compile: 1314µs, render: 35ms)
 GET /products 200 in 40ms (compile: 2ms, render: 38ms)
 GET /products 200 in 31ms (compile: 2ms, render: 29ms)
 GET /products 200 in 35ms (compile: 1933µs, render: 33ms)
 GET /products 200 in 58ms (compile: 1168µs, render: 57ms)
 GET /products 200 in 50ms (compile: 2ms, render: 48ms)
 GET /products 200 in 40ms (compile: 6ms, render: 35ms)
 GET /products 200 in 25ms (compile: 1920µs, render: 23ms)
✓ Compiled in 161ms
 GET /users 200 in 1453ms (compile: 1338ms, render: 115ms)
 GET /api/admin/profiles?page=1&limit=50 200 in 1932ms (compile: 1185ms, render: 747ms)
 GET /api/admin/profiles?page=1&limit=50 200 in 159ms (compile: 8ms, render: 151ms)
 GET /users 200 in 419ms (compile: 69ms, render: 350ms)
 GET /api/admin/profiles?page=1&limit=50 200 in 340ms (compile: 24ms, render: 316ms)
 GET /ingredients-scan 200 in 284ms (compile: 199ms, render: 85ms)
 GET /api/admin/ingredients/missing 200 in 430ms (compile: 59ms, render: 371ms)
 GET /api/admin/ingredients/missing 200 in 246ms (compile: 1958µs, render: 244ms)
 GET /users 200 in 21ms (compile: 5ms, render: 16ms)
 GET /api/admin/profiles?page=1&limit=50 200 in 139ms (compile: 18ms, render: 121ms)
 GET /api/admin/profiles?page=1&limit=50 200 in 178ms (compile: 1913µs, render: 176ms)
 GET /ingredients-scan 200 in 151ms (compile: 56ms, render: 95ms)
 GET /api/admin/ingredients/missing 200 in 979ms (compile: 337ms, render: 642ms)
 GET /api/admin/ingredients/missing 200 in 266ms (compile: 39ms, render: 227ms)
 GET /products 200 in 237ms (compile: 208ms, render: 30ms)
 GET /api/admin/products?summary=1 200 in 694ms (compile: 176ms, render: 518ms)
 GET /api/admin/products?summary=1 200 in 374ms (compile: 18ms, render: 356ms)
 GET /catalogs 200 in 545ms (compile: 421ms, render: 124ms)
 GET /api/admin/cuisines 200 in 1273ms (compile: 659ms, render: 614ms)
 GET /api/admin/recipes 200 in 1294ms (compile: 490ms, render: 804ms)
 GET /users 200 in 737ms (compile: 131ms, render: 606ms)
 GET /api/admin/cuisines 200 in 246ms (compile: 36ms, render: 210ms)
 GET /api/admin/recipes 200 in 159ms (compile: 33ms, render: 126ms)
 GET /api/admin/profiles?page=1&limit=50 200 in 166ms (compile: 7ms, render: 160ms)
 GET /api/admin/profiles?page=1&limit=50 200 in 106ms (compile: 4ms, render: 102ms)
 GET /users 200 in 584ms (compile: 137ms, render: 447ms)
 GET /api/admin/profiles?page=1&limit=50 200 in 263ms (compile: 46ms, render: 217ms)
 GET /catalogs 200 in 1605ms (compile: 49ms, render: 1556ms)
 GET /api/admin/recipes 200 in 298ms (compile: 50ms, render: 247ms)
 GET /api/admin/cuisines 200 in 3.0s (compile: 2.8s, render: 153ms)
 GET /catalogs/55555555-5555-5555-5555-555555555555 200 in 343ms (compile: 313ms, render: 31ms)
 GET /api/admin/cuisines?id=55555555-5555-5555-5555-555555555555 200 in 146ms (compile: 3ms, render: 143ms)
 GET /api/admin/cuisines?id=55555555-5555-5555-5555-555555555555 200 in 245ms (compile: 1512µs, render: 243ms)
 GET /api/admin/recipes 200 in 430ms (compile: 13ms, render: 418ms)
 GET /api/admin/recipes 200 in 254ms (compile: 35ms, render: 218ms)
 GET /catalogs 200 in 43ms (compile: 18ms, render: 25ms)
 GET /api/admin/cuisines 200 in 160ms (compile: 21ms, render: 139ms)
 GET /api/admin/recipes 200 in 175ms (compile: 8ms, render: 167ms)
 GET /api/admin/cuisines 200 in 156ms (compile: 1552µs, render: 154ms)
 GET /api/admin/recipes 200 in 418ms (compile: 10ms, render: 408ms)
✓ Compiled in 146ms
 GET /catalogs 200 in 661ms (compile: 273ms, render: 387ms)
 GET /api/admin/cuisines 200 in 408ms (compile: 68ms, render: 340ms)
 GET /api/admin/recipes 200 in 356ms (compile: 74ms, render: 282ms)
 GET /catalogs/33333333-3333-3333-3333-333333333333 200 in 526ms (compile: 420ms, render: 106ms)
 GET /api/admin/cuisines?id=33333333-3333-3333-3333-333333333333 200 in 395ms (compile: 10ms, render: 384ms)
 GET /api/admin/recipes 200 in 432ms (compile: 18ms, render: 415ms)
 GET /api/admin/cuisines?id=33333333-3333-3333-3333-333333333333 200 in 121ms (compile: 14ms, render: 107ms)
 GET /api/admin/recipes 200 in 148ms (compile: 1154µs, render: 147ms)
API: Сохранение кухни: {
  id: '33333333-3333-3333-3333-333333333333',
  name: 'Азиатская кухня',
  description: 'Суши, рамен, вок',
  image_url: 'https://city-izyum.pp.ua/wp-content/uploads/2025/01/1-city-izyum-pp-ua-1-675908215-730x411.jpg',
  type: 'premium',
  price: 0,
  is_default: false,
  unlock_conditions: null,
  owner_id: null,
  is_user_generated: false,
  moderation_status: 'approved',
  status: 'active',
  popularity_score: 0,
  downloads_count: 0,
  purchases_count: 0,
  tags: [ 'экзотическая', 'азия' ],
  revenue_share: 0
}
 POST /api/admin/cuisines 200 in 657ms (compile: 40ms, render: 617ms)
API: Сохранение кухни: {
  id: '33333333-3333-3333-3333-333333333333',
  name: 'Азиатская кухня',
  description: 'Суши, рамен, вок',
  image_url: 'https://city-izyum.pp.ua/wp-content/uploads/2025/01/1-city-izyum-pp-ua-1-675908215-730x411.jpg',
  type: 'premium',
  price: 100,
  is_default: false,
  unlock_conditions: null,
  owner_id: null,
  is_user_generated: false,
  moderation_status: 'approved',
  status: 'active',
  popularity_score: 0,
  downloads_count: 0,
  purchases_count: 0,
  tags: [ 'экзотическая', 'азия' ],
  revenue_share: 0
}
 POST /api/admin/cuisines 200 in 705ms (compile: 46ms, render: 659ms)
API: Сохранение кухни: {
  id: '33333333-3333-3333-3333-333333333333',
  name: 'Азиатская кухня',
  description: 'Суши, рамен, вок',
  image_url: 'https://city-izyum.pp.ua/wp-content/uploads/2025/01/1-city-izyum-pp-ua-1-675908215-730x411.jpg',
  type: 'premium',
  price: 100,
  is_default: false,
  unlock_conditions: null,
  owner_id: null,
  is_user_generated: false,
  moderation_status: 'approved',
  status: 'active',
  popularity_score: 0,
  downloads_count: 0,
  purchases_count: 0,
  tags: [ 'экзотическая', 'азия' ],
  revenue_share: 0
}
 POST /api/admin/cuisines 200 in 209ms (compile: 11ms, render: 198ms)
 GET /users 200 in 74ms (compile: 13ms, render: 61ms)
 GET /api/admin/profiles?page=1&limit=50 200 in 166ms (compile: 23ms, render: 142ms)
 GET /api/admin/profiles?page=1&limit=50 200 in 149ms (compile: 2ms, render: 147ms)
 GET /products 200 in 657ms (compile: 319ms, render: 338ms)
 GET /catalogs 200 in 111ms (compile: 38ms, render: 73ms)
 GET /api/admin/cuisines 200 in 1028ms (compile: 40ms, render: 988ms)
 GET /api/admin/recipes 200 in 755ms (compile: 76ms, render: 679ms)
 GET /api/admin/cuisines 200 in 159ms (compile: 7ms, render: 152ms)
 GET /api/admin/recipes 200 in 221ms (compile: 10ms, render: 211ms)
 GET /catalogs/43d27b17-82ac-4619-85f6-64d92c9bbdd5 200 in 140ms (compile: 63ms, render: 78ms)
 GET /api/admin/cuisines?id=43d27b17-82ac-4619-85f6-64d92c9bbdd5 200 in 478ms (compile: 16ms, render: 462ms)
 GET /api/admin/recipes 200 in 421ms (compile: 11ms, render: 409ms)
 GET /api/admin/cuisines?id=43d27b17-82ac-4619-85f6-64d92c9bbdd5 200 in 137ms (compile: 9ms, render: 128ms)
 GET /api/admin/recipes 200 in 195ms (compile: 43ms, render: 152ms)
API: Сохранение кухни: {
  id: '43d27b17-82ac-4619-85f6-64d92c9bbdd5',
  name: 'Пробный Каталог',
  description: 'интересно где это',
  image_url: 'https://www.russianfood.com/dycontent/images_upl/559/big_558596.jpg',
  type: 'free',
  price: 0,
  is_default: false,
  unlock_conditions: null,
  owner_id: null,
  is_user_generated: false,
  moderation_status: 'approved',
  status: 'active',
  popularity_score: 0,
  downloads_count: 0,
  purchases_count: 0,
  tags: null,
  revenue_share: 0
}
 POST /api/admin/cuisines 200 in 393ms (compile: 12ms, render: 382ms)
API: Сохранение кухни: {
  id: '43d27b17-82ac-4619-85f6-64d92c9bbdd5',
  name: 'Пробный Каталог',
  description: 'интересно где это',
  image_url: 'https://www.russianfood.com/dycontent/images_upl/559/big_558596.jpg',
  type: 'free',
  price: 0,
  is_default: false,
  unlock_conditions: null,
  owner_id: null,
  is_user_generated: false,
  moderation_status: 'approved',
  status: 'active',
  popularity_score: 0,
  downloads_count: 0,
  purchases_count: 0,
  tags: null,
  revenue_share: 0
}
 POST /api/admin/cuisines 200 in 294ms (compile: 67ms, render: 227ms)
API: Сохранение кухни: {
  id: '43d27b17-82ac-4619-85f6-64d92c9bbdd5',
  name: 'Пробный Каталог',
  description: 'интересно где это',
  image_url: 'https://www.russianfood.com/dycontent/images_upl/559/big_558596.jpg',
  type: 'free',
  price: 0,
  is_default: false,
  unlock_conditions: null,
  owner_id: null,
  is_user_generated: false,
  moderation_status: 'approved',
  status: 'active',
  popularity_score: 0,
  downloads_count: 0,
  purchases_count: 0,
  tags: null,
  revenue_share: 0
}
 POST /api/admin/cuisines 200 in 306ms (compile: 17ms, render: 290ms)
 GET /recipes?edit=767f445f-f166-47a5-9653-1b933e7cbd56 200 in 1395ms (compile: 1204ms, render: 191ms)
 GET /recipes?edit=767f445f-f166-47a5-9653-1b933e7cbd56 200 in 689ms (compile: 36ms, render: 654ms)
 GET /api/admin/recipes?id=767f445f-f166-47a5-9653-1b933e7cbd56 200 in 842ms (compile: 124ms, render: 718ms)
 GET /api/admin/cuisines 200 in 852ms (compile: 51ms, render: 801ms)
 GET /api/admin/cuisines 200 in 147ms (compile: 17ms, render: 131ms)
 GET /api/admin/recipes?id=767f445f-f166-47a5-9653-1b933e7cbd56 200 in 180ms (compile: 18ms, render: 162ms)
 GET /catalogs 200 in 297ms (compile: 133ms, render: 164ms)
 GET /api/admin/cuisines 200 in 390ms (compile: 91ms, render: 300ms)
 GET /api/admin/recipes 200 in 462ms (compile: 35ms, render: 427ms)
 GET /api/admin/cuisines 200 in 140ms (compile: 18ms, render: 122ms)
 GET /api/admin/recipes 200 in 162ms (compile: 37ms, render: 125ms)
 GET /catalogs/43d27b17-82ac-4619-85f6-64d92c9bbdd5 200 in 89ms (compile: 31ms, render: 58ms)
 GET /api/admin/recipes 200 in 160ms (compile: 4ms, render: 156ms)
 GET /api/admin/cuisines?id=43d27b17-82ac-4619-85f6-64d92c9bbdd5 200 in 165ms (compile: 15ms, render: 151ms)
 GET /api/admin/recipes 200 in 265ms (compile: 2ms, render: 263ms)
 GET /api/admin/cuisines?id=43d27b17-82ac-4619-85f6-64d92c9bbdd5 200 in 266ms (compile: 120ms, render: 146ms)
 GET /recipes?edit=767f445f-f166-47a5-9653-1b933e7cbd56 200 in 22ms (compile: 7ms, render: 15ms)
 GET /api/admin/recipes?id=767f445f-f166-47a5-9653-1b933e7cbd56 200 in 112ms (compile: 1570µs, render: 110ms)
 GET /api/admin/cuisines 200 in 140ms (compile: 14ms, render: 126ms)
 GET /api/admin/recipes?id=767f445f-f166-47a5-9653-1b933e7cbd56 200 in 291ms (compile: 5ms, render: 286ms)
 GET /api/admin/cuisines 200 in 294ms (compile: 1107µs, render: 293ms)
 GET /catalogs 200 in 203ms (compile: 61ms, render: 142ms)
 GET /api/admin/recipes 200 in 381ms (compile: 7ms, render: 374ms)
 GET /api/admin/cuisines 200 in 646ms (compile: 69ms, render: 577ms)
 GET /api/admin/recipes 200 in 118ms (compile: 1823µs, render: 117ms)
 GET /api/admin/cuisines 200 in 124ms (compile: 2ms, render: 122ms)
 GET /products 200 in 52ms (compile: 11ms, render: 42ms)
 GET /api/admin/products?summary=1 200 in 171ms (compile: 17ms, render: 154ms)
 GET /api/admin/products?summary=1 200 in 156ms (compile: 1538µs, render: 155ms)
 GET /api/admin/products?category=vegetables&page=1&limit=50 200 in 141ms (compile: 4ms, render: 137ms)
 GET /api/admin/products?category=vegetables&page=1&limit=50&search=%D1%81 200 in 183ms (compile: 3ms, render: 180ms)
 GET /api/admin/products?category=vegetables&page=1&limit=50&search=%D1%81%D0%B2 200 in 116ms (compile: 1193µs, render: 115ms)
 GET /api/admin/products?id=e929847b-e63f-45f1-b9f6-ec722e3adcaf 200 in 108ms (compile: 2ms, render: 105ms)
 GET /products 200 in 40ms (compile: 15ms, render: 25ms)
 GET /api/admin/products?category=vegetables&page=1&limit=50&search=%D0%BA 200 in 204ms (compile: 13ms, render: 191ms)
 GET /api/admin/products?category=vegetables&page=1&limit=50&search=%D0%BA%D0%B0 200 in 188ms (compile: 6ms, render: 182ms)
 GET /api/admin/products?category=vegetables&page=1&limit=50&search=%D0%BA%D0%B0%D0%BF 200 in 126ms (compile: 4ms, render: 121ms)
 GET /ingredients-scan 200 in 72ms (compile: 27ms, render: 45ms)
 GET /api/admin/ingredients/missing 200 in 358ms (compile: 10ms, render: 347ms)
 GET /api/admin/ingredients/missing 200 in 244ms (compile: 4ms, render: 240ms)
 GET /products 200 in 55ms (compile: 14ms, render: 41ms)
 GET /api/admin/products?summary=1 200 in 193ms (compile: 3ms, render: 190ms)
 GET /api/admin/products?summary=1 200 in 112ms (compile: 1690µs, render: 110ms)
 GET /api/admin/products?category=vegetables&page=1&limit=50 200 in 134ms (compile: 3ms, render: 131ms)
 GET /api/admin/products?category=vegetables&page=1&limit=50&search=%D1%83 200 in 131ms (compile: 1814µs, render: 129ms)
 GET /api/admin/products?category=vegetables&page=1&limit=50 200 in 144ms (compile: 3ms, render: 141ms)
 GET /api/admin/products?category=vegetables&page=1&limit=50&search=%D0%BA 200 in 132ms (compile: 3ms, render: 129ms)
 GET /api/admin/products?category=vegetables&page=1&limit=50&search=%D0%BA%D0%B0 200 in 137ms (compile: 1026µs, render: 136ms)
 GET /api/admin/products?category=vegetables&page=1&limit=50&search=%D0%BA%D0%B0%D0%BF 200 in 135ms (compile: 4ms, render: 131ms)
 GET /api/admin/products?id=522fb704-3c23-4331-b293-37c2cf676fad 200 in 120ms (compile: 1189µs, render: 119ms)
 GET /products 200 in 38ms (compile: 9ms, render: 29ms)
 GET /catalogs 200 in 114ms (compile: 39ms, render: 76ms)
 GET /api/admin/recipes 200 in 557ms (compile: 167ms, render: 390ms)
 GET /api/admin/cuisines 200 in 594ms (compile: 14ms, render: 580ms)
 GET /api/admin/recipes 200 in 133ms (compile: 4ms, render: 129ms)
 GET /api/admin/cuisines 200 in 111ms (compile: 5ms, render: 106ms)
✓ Compiled in 959ms
 GET /catalogs/43d27b17-82ac-4619-85f6-64d92c9bbdd5 200 in 341ms (compile: 168ms, render: 173ms)
 GET /api/admin/cuisines?id=43d27b17-82ac-4619-85f6-64d92c9bbdd5 200 in 715ms (compile: 19ms, render: 697ms)
 GET /api/admin/recipes 200 in 489ms (compile: 80ms, render: 409ms)
 GET /api/admin/cuisines?id=43d27b17-82ac-4619-85f6-64d92c9bbdd5 200 in 108ms (compile: 4ms, render: 104ms)
 GET /api/admin/recipes 200 in 103ms (compile: 1465µs, render: 102ms)
 GET /recipes?new=true&cuisine=43d27b17-82ac-4619-85f6-64d92c9bbdd5 200 in 965ms (compile: 757ms, render: 208ms)
 GET /api/admin/cuisines 200 in 436ms (compile: 72ms, render: 365ms)
 GET /api/admin/cuisines 200 in 117ms (compile: 3ms, render: 114ms)
 GET /catalogs 200 in 598ms (compile: 213ms, render: 385ms)
 GET /api/admin/cuisines 200 in 432ms (compile: 27ms, render: 405ms)
 GET /api/admin/recipes 200 in 509ms (compile: 109ms, render: 399ms)
 GET /api/admin/cuisines 200 in 128ms (compile: 4ms, render: 124ms)
 GET /api/admin/recipes 200 in 147ms (compile: 9ms, render: 139ms)
 GET /catalogs/11111111-1111-1111-1111-111111111111 200 in 83ms (compile: 28ms, render: 56ms)
 GET /api/admin/cuisines?id=11111111-1111-1111-1111-111111111111 200 in 114ms (compile: 2ms, render: 112ms)
 GET /api/admin/recipes 200 in 132ms (compile: 10ms, render: 122ms)
 GET /api/admin/cuisines?id=11111111-1111-1111-1111-111111111111 200 in 113ms (compile: 3ms, render: 111ms)
 GET /api/admin/recipes 200 in 134ms (compile: 4ms, render: 130ms)
 GET /recipes?edit=b9a409bf-dc8b-40ad-a720-0f3842ac999d 200 in 40ms (compile: 10ms, render: 30ms)
 GET /api/admin/cuisines 200 in 122ms (compile: 3ms, render: 118ms)
 GET /api/admin/recipes?id=b9a409bf-dc8b-40ad-a720-0f3842ac999d 200 in 139ms (compile: 15ms, render: 125ms)
 GET /api/admin/cuisines 200 in 119ms (compile: 6ms, render: 113ms)
 GET /api/admin/recipes?id=b9a409bf-dc8b-40ad-a720-0f3842ac999d 200 in 109ms (compile: 1139µs, render: 108ms)
 GET /api/admin/cuisines?id=11111111-1111-1111-1111-111111111111 200 in 885ms (compile: 443ms, render: 442ms)
 GET /api/admin/recipes 200 in 731ms (compile: 78ms, render: 653ms)
 GET /api/admin/cuisines?id=11111111-1111-1111-1111-111111111111 200 in 159ms (compile: 6ms, render: 153ms)
 GET /api/admin/recipes 200 in 279ms (compile: 3ms, render: 275ms)
 GET /recipes?edit=e70e0b07-2de1-4223-8767-810893ccd535 200 in 155ms (compile: 24ms, render: 130ms)
 GET /api/admin/cuisines 200 in 184ms (compile: 24ms, render: 161ms)
 GET /api/admin/recipes?id=e70e0b07-2de1-4223-8767-810893ccd535 200 in 270ms (compile: 22ms, render: 248ms)
 GET /api/admin/cuisines 200 in 201ms (compile: 3ms, render: 198ms)
 GET /api/admin/recipes?id=e70e0b07-2de1-4223-8767-810893ccd535 200 in 142ms (compile: 17ms, render: 125ms)
 GET /api/admin/products?search=%D0%9A%D0%B0 200 in 519ms (compile: 23ms, render: 495ms)
 GET /api/admin/products?search=%D0%9A%D0%B0%D1%80 200 in 175ms (compile: 8ms, render: 167ms)
 GET /api/admin/products?search=%D0%9B%D1%83%D0%BA 200 in 225ms (compile: 10ms, render: 215ms)
 GET /api/admin/products?search=%D0%AF%D0%B9 200 in 208ms (compile: 12ms, render: 196ms)
 GET /api/admin/products?search=%D0%9C%D1%83%D0%BA 200 in 161ms (compile: 3ms, render: 158ms)
 POST /api/admin/recipes 200 in 329ms (compile: 12ms, render: 317ms)
 GET /catalogs 200 in 498ms (compile: 172ms, render: 326ms)
 GET /api/admin/recipes 200 in 425ms (compile: 57ms, render: 368ms)
 GET /api/admin/cuisines 200 in 454ms (compile: 13ms, render: 441ms)
 GET /api/admin/recipes 200 in 147ms (compile: 3ms, render: 143ms)
 GET /api/admin/cuisines 200 in 217ms (compile: 2ms, render: 215ms)
 GET /catalogs/33333333-3333-3333-3333-333333333333 200 in 96ms (compile: 35ms, render: 61ms)
 GET /api/admin/cuisines?id=33333333-3333-3333-3333-333333333333 200 in 172ms (compile: 7ms, render: 164ms)
 GET /api/admin/recipes 200 in 184ms (compile: 17ms, render: 167ms)
 GET /api/admin/cuisines?id=33333333-3333-3333-3333-333333333333 200 in 192ms (compile: 4ms, render: 188ms)
 GET /api/admin/recipes 200 in 231ms (compile: 1438µs, render: 230ms)
 GET /recipes?edit=db9ad629-00e8-4a65-b833-9ab0889d80cd 200 in 59ms (compile: 15ms, render: 45ms)
 GET /api/admin/cuisines 200 in 226ms (compile: 7ms, render: 220ms)
 GET /api/admin/recipes?id=db9ad629-00e8-4a65-b833-9ab0889d80cd 200 in 230ms (compile: 42ms, render: 188ms)
 GET /api/admin/recipes?id=db9ad629-00e8-4a65-b833-9ab0889d80cd 200 in 111ms (compile: 1520µs, render: 110ms)
 GET /api/admin/cuisines 200 in 138ms (compile: 8ms, render: 130ms)
 GET /api/admin/products?search=%D0%9A%D1%80 200 in 252ms (compile: 4ms, render: 248ms)
 GET /api/admin/products?search=%D0%9A%D1%80%D0%B5 200 in 155ms (compile: 1562µs, render: 153ms)
 GET /ingredients-scan 200 in 101ms (compile: 30ms, render: 71ms)
 GET /api/admin/ingredients/missing 200 in 306ms (compile: 13ms, render: 292ms)
 GET /api/admin/ingredients/missing 200 in 242ms (compile: 1429µs, render: 241ms)
 GET /products?prefill=%D0%9A%D1%80%D0%B5%D0%B2%D0%B5%D1%82%D0%BA%D0%B8&return=scan&link=%D0%9A%D1%80%D0%B5%D0%B2%D0%B5%D1%82%D0%BA%D0%B8 200 in 88ms (compile: 28ms, render: 60ms)
 GET /api/admin/products?summary=1 200 in 321ms (compile: 18ms, render: 304ms)
 GET /api/admin/products?summary=1 200 in 122ms (compile: 1224µs, render: 121ms)
 GET /products 200 in 103ms (compile: 51ms, render: 52ms)
 GET /ingredients-scan 200 in 20ms (compile: 7ms, render: 13ms)
 GET /api/admin/ingredients/missing 200 in 603ms (compile: 12ms, render: 591ms)
 GET /api/admin/ingredients/missing 200 in 283ms (compile: 1339µs, render: 282ms)
 GET /products?prefill=%D0%9A%D1%80%D0%B5%D0%B2%D0%B5%D1%82%D0%BA%D0%B8&return=scan&link=%D0%9A%D1%80%D0%B5%D0%B2%D0%B5%D1%82%D0%BA%D0%B8 200 in 47ms (compile: 18ms, render: 30ms)
 GET /api/admin/products?summary=1 200 in 171ms (compile: 3ms, render: 168ms)
 GET /api/admin/products?summary=1 200 in 139ms (compile: 4ms, render: 136ms)
 GET /products 200 in 25ms (compile: 10ms, render: 15ms)
 GET /ingredients-scan 200 in 64ms (compile: 34ms, render: 30ms)
 GET /api/admin/ingredients/missing 200 in 535ms (compile: 19ms, render: 516ms)
 GET /api/admin/ingredients/missing 200 in 288ms (compile: 1629µs, render: 286ms)
 GET /products?prefill=%D0%99%D0%BE%D0%B3%D1%83%D1%80%D1%82&return=scan&link=%D0%99%D0%BE%D0%B3%D1%83%D1%80%D1%82 200 in 14ms (compile: 4ms, render: 10ms)
 GET /api/admin/products?summary=1 200 in 103ms (compile: 6ms, render: 97ms)
 GET /api/admin/products?summary=1 200 in 253ms (compile: 1302µs, render: 252ms)
 GET /products 200 in 20ms (compile: 4ms, render: 16ms)
 GET /ingredients-scan 200 in 58ms (compile: 13ms, render: 45ms)
 GET /api/admin/ingredients/missing 200 in 1086ms (compile: 22ms, render: 1064ms)
 GET /api/admin/ingredients/missing 200 in 259ms (compile: 2ms, render: 256ms)
 GET /products?prefill=%D0%99%D0%BE%D0%B3%D1%83%D1%80%D1%82&return=scan&link=%D0%99%D0%BE%D0%B3%D1%83%D1%80%D1%82 200 in 46ms (compile: 20ms, render: 26ms)
 GET /api/admin/products?summary=1 200 in 253ms (compile: 8ms, render: 245ms)
 GET /api/admin/products?summary=1 200 in 159ms (compile: 1621µs, render: 157ms)
✓ Compiled in 584ms
 GET /ingredients-scan 200 in 121ms (compile: 36ms, render: 85ms)
 GET /api/admin/ingredients/missing 200 in 547ms (compile: 20ms, render: 527ms)
 GET /api/admin/ingredients/missing 200 in 234ms (compile: 1935µs, render: 232ms)
 GET /ingredients-scan 200 in 13ms (compile: 3ms, render: 10ms)
 GET /products?prefill=%D0%9A%D1%80%D0%B5%D0%B2%D0%B5%D1%82%D0%BA%D0%B8&return=scan&link=%D0%9A%D1%80%D0%B5%D0%B2%D0%B5%D1%82%D0%BA%D0%B8 200 in 638ms (compile: 602ms, render: 36ms)
 GET /api/admin/products?summary=1 200 in 326ms (compile: 16ms, render: 310ms)
 GET /api/admin/products?summary=1 200 in 109ms (compile: 3ms, render: 107ms)
 POST /api/admin/ai/product 200 in 7.6s (compile: 77ms, render: 7.6s)
 POST /api/admin/products 200 in 584ms (compile: 15ms, render: 569ms)
 POST /api/admin/ingredients/link 200 in 515ms (compile: 32ms, render: 483ms)
 GET /ingredients-scan 200 in 62ms (compile: 4ms, render: 58ms)
 GET /api/admin/products?summary=1 200 in 193ms (compile: 20ms, render: 173ms)
 GET /api/admin/ingredients/missing 200 in 562ms (compile: 28ms, render: 534ms)
 GET /api/admin/ingredients/missing 200 in 287ms (compile: 34ms, render: 253ms)
 GET /products?prefill=%D0%9A%D0%BE%D0%BA%D0%BE%D1%81%D0%BE%D0%B2%D0%BE%D0%B5+%D0%BC%D0%BE%D0%BB%D0%BE%D0%BA%D0%BE&return=scan&link=%D0%9A%D0%BE%D0%BA%D0%BE%D1%81%D0%BE%D0%B2%D0%BE%D0%B5+%D0%BC%D0%BE%D0%BB%D0%BE%D0%BA%D0%BE 200 in 51ms (compile: 19ms, render: 32ms)
 GET /api/admin/products?summary=1 200 in 212ms (compile: 24ms, render: 189ms)
 GET /api/admin/products?summary=1 200 in 212ms (compile: 2ms, render: 210ms)
 POST /api/admin/ai/product 200 in 5.0s (compile: 26ms, render: 5.0s)
 POST /api/admin/products 200 in 363ms (compile: 19ms, render: 344ms)
 POST /api/admin/ingredients/link 200 in 515ms (compile: 2ms, render: 512ms)
 GET /ingredients-scan 200 in 23ms (compile: 6ms, render: 17ms)
 GET /api/admin/products?summary=1 200 in 145ms (compile: 1175µs, render: 143ms)
 GET /api/admin/ingredients/missing 200 in 316ms (compile: 18ms, render: 298ms)
 GET /api/admin/ingredients/missing 200 in 252ms (compile: 1468µs, render: 250ms)
 GET /products 200 in 59ms (compile: 11ms, render: 48ms)
 GET /api/admin/products?summary=1 200 in 174ms (compile: 4ms, render: 170ms)
 GET /api/admin/products?summary=1 200 in 107ms (compile: 1343µs, render: 105ms)
 GET /catalogs 200 in 32ms (compile: 8ms, render: 23ms)
 GET /api/admin/cuisines 200 in 124ms (compile: 13ms, render: 112ms)
 GET /api/admin/cuisines 200 in 153ms (compile: 7ms, render: 146ms)
 GET /api/admin/recipes 200 in 322ms (compile: 27ms, render: 295ms)
 GET /api/admin/recipes 200 in 165ms (compile: 24ms, render: 141ms)
 GET /catalogs/33333333-3333-3333-3333-333333333333 200 in 61ms (compile: 35ms, render: 26ms)
 GET /api/admin/cuisines?id=33333333-3333-3333-3333-333333333333 200 in 109ms (compile: 1788µs, render: 107ms)
 GET /api/admin/recipes 200 in 141ms (compile: 6ms, render: 135ms)
 GET /api/admin/cuisines?id=33333333-3333-3333-3333-333333333333 200 in 124ms (compile: 1660µs, render: 123ms)
 GET /api/admin/recipes 200 in 205ms (compile: 1283µs, render: 204ms)
 GET /recipes?edit=db9ad629-00e8-4a65-b833-9ab0889d80cd 200 in 24ms (compile: 5ms, render: 19ms)
 GET /api/admin/cuisines 200 in 123ms (compile: 2ms, render: 121ms)
 GET /api/admin/recipes?id=db9ad629-00e8-4a65-b833-9ab0889d80cd 200 in 136ms (compile: 6ms, render: 130ms)
 GET /api/admin/cuisines 200 in 110ms (compile: 1621µs, render: 108ms)
 GET /api/admin/recipes?id=db9ad629-00e8-4a65-b833-9ab0889d80cd 200 in 133ms (compile: 1704µs, render: 132ms)
 GET /catalogs 200 in 27ms (compile: 7ms, render: 20ms)
 GET /api/admin/cuisines 200 in 183ms (compile: 7ms, render: 176ms)
 GET /api/admin/recipes 200 in 191ms (compile: 7ms, render: 185ms)
 GET /api/admin/cuisines 200 in 101ms (compile: 1262µs, render: 100ms)
 GET /api/admin/recipes 200 in 123ms (compile: 1070µs, render: 122ms)
 GET /ingredients-scan 200 in 56ms (compile: 18ms, render: 38ms)
 GET /api/admin/ingredients/missing 200 in 360ms (compile: 5ms, render: 355ms)
 GET /api/admin/ingredients/missing 200 in 190ms (compile: 4ms, render: 186ms)
 GET /products?prefill=%D0%9B%D0%B5%D0%BC%D0%BE%D0%BD%D0%B3%D1%80%D0%B0%D1%81%D1%81&return=scan&link=%D0%9B%D0%B5%D0%BC%D0%BE%D0%BD%D0%B3%D1%80%D0%B0%D1%81%D1%81 200 in 32ms (compile: 9ms, render: 22ms)
 GET /api/admin/products?summary=1 200 in 190ms (compile: 35ms, render: 155ms)
 GET /api/admin/products?summary=1 200 in 141ms (compile: 1557µs, render: 139ms)
 POST /api/admin/ai/product 200 in 6.6s (compile: 5ms, render: 6.6s)
 POST /api/admin/products 200 in 177ms (compile: 6ms, render: 171ms)
 POST /api/admin/ingredients/link 200 in 464ms (compile: 3ms, render: 461ms)
 GET /ingredients-scan 200 in 22ms (compile: 4ms, render: 18ms)
 GET /api/admin/products?summary=1 200 in 129ms (compile: 19ms, render: 110ms)
 GET /api/admin/ingredients/missing 200 in 342ms (compile: 3ms, render: 339ms)
 GET /api/admin/ingredients/missing 200 in 238ms (compile: 1528µs, render: 236ms)
 GET /products 200 in 58ms (compile: 17ms, render: 42ms)
 GET /api/admin/products?summary=1 200 in 430ms (compile: 28ms, render: 402ms)
 GET /api/admin/products?summary=1 200 in 118ms (compile: 2ms, render: 116ms)
 GET /catalogs 200 in 15ms (compile: 4ms, render: 11ms)
 GET /api/admin/cuisines 200 in 148ms (compile: 3ms, render: 145ms)
 GET /api/admin/recipes 200 in 210ms (compile: 1690µs, render: 208ms)
 GET /api/admin/cuisines 200 in 127ms (compile: 1287µs, render: 125ms)
 GET /api/admin/recipes 200 in 140ms (compile: 13ms, render: 127ms)
 GET /products 200 in 21ms (compile: 3ms, render: 17ms)
 GET /api/admin/products?summary=1 200 in 118ms (compile: 1773µs, render: 116ms)
 GET /api/admin/products?summary=1 200 in 127ms (compile: 1357µs, render: 126ms)
 GET /api/admin/products?category=other&page=1&limit=50 200 in 175ms (compile: 3ms, render: 172ms)
 GET /api/admin/products?id=04fbccc9-81ad-4507-80a2-030836f79b6a 200 in 125ms (compile: 1309µs, render: 124ms)
 POST /api/admin/products 200 in 237ms (compile: 3ms, render: 234ms)
 GET /products 200 in 19ms (compile: 5ms, render: 14ms)
 GET /api/admin/products?summary=1 200 in 126ms (compile: 15ms, render: 111ms)
 GET /api/admin/products?category=other&page=1&limit=50 200 in 146ms (compile: 1512µs, render: 144ms)
 GET /catalogs 200 in 17ms (compile: 6ms, render: 11ms)
 GET /api/admin/cuisines 200 in 219ms (compile: 22ms, render: 196ms)
 GET /api/admin/recipes 200 in 199ms (compile: 2ms, render: 197ms)
 GET /api/admin/cuisines 200 in 112ms (compile: 4ms, render: 108ms)
 GET /api/admin/recipes 200 in 129ms (compile: 1216µs, render: 128ms)
 GET /catalogs/33333333-3333-3333-3333-333333333333 200 in 19ms (compile: 8ms, render: 12ms)
 GET /api/admin/cuisines?id=33333333-3333-3333-3333-333333333333 200 in 165ms (compile: 6ms, render: 159ms)
 GET /api/admin/recipes 200 in 169ms (compile: 12ms, render: 158ms)
 GET /api/admin/cuisines?id=33333333-3333-3333-3333-333333333333 200 in 106ms (compile: 988µs, render: 105ms)
 GET /api/admin/recipes 200 in 128ms (compile: 909µs, render: 127ms)
 GET /recipes?edit=db9ad629-00e8-4a65-b833-9ab0889d80cd 200 in 16ms (compile: 4ms, render: 12ms)
 GET /api/admin/cuisines 200 in 122ms (compile: 3ms, render: 120ms)
 GET /api/admin/recipes?id=db9ad629-00e8-4a65-b833-9ab0889d80cd 200 in 124ms (compile: 7ms, render: 117ms)
 GET /api/admin/cuisines 200 in 112ms (compile: 3ms, render: 109ms)
 GET /api/admin/recipes?id=db9ad629-00e8-4a65-b833-9ab0889d80cd 200 in 112ms (compile: 1036µs, render: 111ms)
 GET /api/admin/products?search=%D0%9A%D1%80 200 in 169ms (compile: 6ms, render: 162ms)
 GET /api/admin/products?search=%D0%93%D1%80 200 in 189ms (compile: 7ms, render: 181ms)
 GET /api/admin/products?search=%D0%9A%D0%BE 200 in 246ms (compile: 1857µs, render: 244ms)
 GET /api/admin/products?search=%D0%BB%D0%B8%D0%BC 200 in 221ms (compile: 9ms, render: 212ms)
 GET /api/admin/products?search=%D0%BB%D0%B8 200 in 183ms (compile: 26ms, render: 157ms)
 GET /api/admin/products?search=%D0%BB%D0%B5 200 in 111ms (compile: 2ms, render: 109ms)
 POST /api/admin/recipes 200 in 199ms (compile: 10ms, render: 189ms)
 GET /products 200 in 368ms (compile: 141ms, render: 227ms)
 GET /api/admin/products?summary=1 200 in 601ms (compile: 20ms, render: 582ms)
 GET /api/admin/products?summary=1 200 in 126ms (compile: 5ms, render: 121ms)
 GET /api/admin/products?category=other&page=1&limit=50 200 in 662ms (compile: 6ms, render: 655ms)
 GET /products 200 in 35ms (compile: 7ms, render: 28ms)
 GET /catalogs 200 in 41ms (compile: 9ms, render: 32ms)
 GET /api/admin/cuisines 200 in 219ms (compile: 15ms, render: 204ms)
 GET /api/admin/recipes 200 in 233ms (compile: 6ms, render: 227ms)
 GET /api/admin/cuisines 200 in 112ms (compile: 2ms, render: 110ms)
 GET /api/admin/recipes 200 in 112ms (compile: 15ms, render: 97ms)
 GET /products 200 in 490ms (compile: 205ms, render: 286ms)
 GET /api/admin/products?summary=1 200 in 1338ms (compile: 29ms, render: 1309ms)
 GET /api/admin/products?summary=1 200 in 187ms (compile: 9ms, render: 177ms)
 GET /api/admin/products?category=fruits&page=1&limit=50 200 in 330ms (compile: 19ms, render: 312ms)
 GET /api/admin/products?category=vegetables&page=1&limit=50 200 in 134ms (compile: 5ms, render: 130ms)
 GET /api/admin/products?category=vegetables&page=2&limit=50 200 in 99ms (compile: 4ms, render: 95ms)
 GET /api/admin/products?id=001e2d31-e94a-4c95-b8c6-3f365dbc0e54 200 in 135ms (compile: 6ms, render: 129ms)
 GET /products 200 in 440ms (compile: 180ms, render: 261ms)
 GET /catalogs 200 in 129ms (compile: 25ms, render: 104ms)
 GET /api/admin/cuisines 200 in 466ms (compile: 136ms, render: 330ms)
 GET /api/admin/recipes 200 in 568ms (compile: 22ms, render: 546ms)
 GET /api/admin/cuisines 200 in 140ms (compile: 5ms, render: 135ms)
 GET /api/admin/recipes 200 in 161ms (compile: 3ms, render: 158ms)
 GET /ingredients-scan 200 in 152ms (compile: 26ms, render: 127ms)
 GET /api/admin/ingredients/missing 200 in 385ms (compile: 53ms, render: 333ms)
 GET /products 200 in 21ms (compile: 2ms, render: 18ms)
 GET /api/admin/products?summary=1 200 in 247ms (compile: 5ms, render: 242ms)
 GET /api/admin/ingredients/missing 200 in 546ms (compile: 4ms, render: 542ms)
 GET /api/admin/products?summary=1 200 in 188ms (compile: 20ms, render: 168ms)
 GET /api/admin/products?category=other&page=1&limit=50 200 in 203ms (compile: 13ms, render: 190ms)
 GET /api/admin/products?id=b83369e6-ae31-4abf-aff8-f1040e28c291 200 in 116ms (compile: 1289µs, render: 115ms)
 GET /products 200 in 57ms (compile: 17ms, render: 40ms)
 GET /api/admin/products?category=other&page=1&limit=50 200 in 219ms (compile: 7ms, render: 212ms)
 GET /api/admin/products?id=3b7ec79b-2cfa-426e-9dba-edc2ad94f5ef 200 in 118ms (compile: 6ms, render: 113ms)
 GET /products 200 in 40ms (compile: 13ms, render: 27ms)
 GET /api/admin/products?id=3b7ec79b-2cfa-426e-9dba-edc2ad94f5ef 200 in 193ms (compile: 2ms, render: 191ms)
 GET /products 200 in 56ms (compile: 33ms, render: 23ms)
 GET /api/admin/products?category=other&page=1&limit=50&search=%D0%BC 200 in 439ms (compile: 5ms, render: 435ms)
 GET /api/admin/products?category=other&page=1&limit=50&search=%D0%BC%D0%B0 200 in 391ms (compile: 8ms, render: 383ms)
 GET /api/admin/products?category=other&page=1&limit=50&search=%D0%BC%D0%B0%D0%BA 200 in 116ms (compile: 5ms, render: 112ms)
 GET /api/admin/products?category=other&page=1&limit=50&search=%D0%BC%D0%B0%D0%BA%D0%B0 200 in 107ms (compile: 2ms, render: 105ms)
✓ Compiled in 266ms
 GET /api/admin/products?summary=1 200 in 1447ms (compile: 985ms, render: 462ms)
✓ Compiled in 172ms
✓ Compiled in 192ms
 GET /catalogs 200 in 548ms (compile: 85ms, render: 463ms)
 GET /products 200 in 679ms (compile: 643ms, render: 36ms)
 GET /api/admin/products?summary=1 200 in 307ms (compile: 3ms, render: 304ms)
 GET /api/admin/products?summary=1 200 in 111ms (compile: 1572µs, render: 109ms)
 GET /api/admin/products?category=vegetables&page=1&limit=50 200 in 145ms (compile: 1725µs, render: 143ms)
 GET /api/admin/products?category=vegetables&page=2&limit=50 200 in 173ms (compile: 21ms, render: 152ms)
 GET /api/admin/products?id=001e2d31-e94a-4c95-b8c6-3f365dbc0e54 200 in 121ms (compile: 6ms, render: 115ms)
 GET /api/admin/products?category=vegetables&page=1&limit=50 200 in 181ms (compile: 9ms, render: 171ms)
 GET /api/admin/products?category=vegetables&page=2&limit=50 200 in 109ms (compile: 6ms, render: 103ms)
 GET /api/admin/products?id=001e2d31-e94a-4c95-b8c6-3f365dbc0e54 200 in 101ms (compile: 3ms, render: 97ms)
 POST /api/admin/products 200 in 128ms (compile: 4ms, render: 125ms)
 GET /products 200 in 34ms (compile: 4ms, render: 30ms)
 GET /api/admin/products?summary=1 200 in 125ms (compile: 32ms, render: 93ms)
 GET /api/admin/products?category=vegetables&page=1&limit=50 200 in 111ms (compile: 6ms, render: 105ms)
 GET /api/admin/products?category=vegetables&page=2&limit=50 200 in 110ms (compile: 6ms, render: 104ms)
 GET /api/admin/products?id=001e2d31-e94a-4c95-b8c6-3f365dbc0e54 200 in 135ms (compile: 3ms, render: 132ms)
 GET /products 200 in 85ms (compile: 12ms, render: 73ms)
 GET /ingredients-scan 200 in 296ms (compile: 251ms, render: 46ms)
 GET /api/admin/ingredients/missing 200 in 488ms (compile: 20ms, render: 468ms)
 GET /api/admin/ingredients/missing 200 in 210ms (compile: 1177µs, render: 209ms)
 GET /catalogs 200 in 24ms (compile: 4ms, render: 20ms)
 GET /api/admin/cuisines 200 in 113ms (compile: 9ms, render: 104ms)
 GET /api/admin/recipes 200 in 166ms (compile: 14ms, render: 152ms)
 GET /api/admin/cuisines 200 in 83ms (compile: 1339µs, render: 82ms)
 GET /api/admin/recipes 200 in 103ms (compile: 2ms, render: 101ms)
 GET /catalogs/11111111-1111-1111-1111-111111111111 200 in 40ms (compile: 15ms, render: 25ms)
 GET /api/admin/cuisines?id=11111111-1111-1111-1111-111111111111 200 in 118ms (compile: 1549µs, render: 117ms)
 GET /api/admin/recipes 200 in 115ms (compile: 2ms, render: 112ms)
 GET /api/admin/cuisines?id=11111111-1111-1111-1111-111111111111 200 in 91ms (compile: 3ms, render: 89ms)
 GET /api/admin/recipes 200 in 102ms (compile: 597µs, render: 101ms)
 GET /recipes?edit=e70e0b07-2de1-4223-8767-810893ccd535 200 in 105ms (compile: 90ms, render: 15ms)
 GET /api/admin/cuisines 200 in 115ms (compile: 3ms, render: 113ms)
 GET /api/admin/recipes?id=e70e0b07-2de1-4223-8767-810893ccd535 200 in 116ms (compile: 11ms, render: 105ms)
 GET /api/admin/cuisines 200 in 90ms (compile: 3ms, render: 87ms)
 GET /api/admin/recipes?id=e70e0b07-2de1-4223-8767-810893ccd535 200 in 96ms (compile: 6ms, render: 89ms)
 GET /api/admin/products?search=%D0%9A%D0%B0 200 in 181ms (compile: 5ms, render: 176ms)
 GET /api/admin/products?search=%D0%9A%D0%B0%D1%80%D1%82%D0%BE 200 in 146ms (compile: 1389µs, render: 145ms)
 GET /api/admin/products?search=%D0%9B%D1%83%D0%BA 200 in 199ms (compile: 15ms, render: 184ms)
 GET /api/admin/products?search=%D0%AF%D0%B9 200 in 227ms (compile: 32ms, render: 196ms)
 GET /api/admin/products?search=%D0%9C%D1%83%D0%BA 200 in 240ms (compile: 5ms, render: 235ms)
 POST /api/admin/recipes 200 in 317ms (compile: 12ms, render: 305ms)
 POST /api/admin/recipes 200 in 902ms (compile: 170ms, render: 732ms)
 GET /catalogs 200 in 533ms (compile: 172ms, render: 361ms)
 GET /api/admin/recipes 200 in 660ms (compile: 37ms, render: 623ms)
 GET /api/admin/cuisines 200 in 754ms (compile: 247ms, render: 507ms)
 GET /api/admin/recipes 200 in 177ms (compile: 9ms, render: 168ms)
 GET /api/admin/cuisines 200 in 114ms (compile: 6ms, render: 108ms)
 GET /catalogs/11111111-1111-1111-1111-111111111111 200 in 151ms (compile: 40ms, render: 111ms)
 GET /api/admin/cuisines?id=11111111-1111-1111-1111-111111111111 200 in 283ms (compile: 29ms, render: 254ms)
 GET /api/admin/recipes 200 in 384ms (compile: 62ms, render: 321ms)
 GET /api/admin/cuisines?id=11111111-1111-1111-1111-111111111111 200 in 200ms (compile: 19ms, render: 181ms)
 GET /api/admin/recipes 200 in 136ms (compile: 19ms, render: 117ms)
API: Сохранение кухни: {
  id: '11111111-1111-1111-1111-111111111111',
  name: 'Украинская кухня',
  description: 'Борщ, вареники, котлеты',
  image_url: 'https://drive.google.com/file/d/1zc-bzI2DgfSqVsn_q_vBS2TcHvAvwFrD/view?usp=drive_link',
  type: 'free',
  price: 0,
  is_default: true,
  unlock_conditions: null,
  owner_id: null,
  is_user_generated: false,
  moderation_status: 'approved',
  status: 'active',
  popularity_score: 0,
  downloads_count: 0,
  purchases_count: 0,
  tags: [ 'традиционная', 'домашняя' ],
  revenue_share: 0
}
 POST /api/admin/cuisines 200 in 436ms (compile: 49ms, render: 387ms)
 GET /catalogs 200 in 73ms (compile: 15ms, render: 57ms)
 GET /api/admin/cuisines 200 in 414ms (compile: 8ms, render: 406ms)
 GET /api/admin/recipes 200 in 467ms (compile: 8ms, render: 458ms)
 GET /api/admin/cuisines 200 in 221ms (compile: 85ms, render: 136ms)
 GET /api/admin/recipes 200 in 144ms (compile: 5ms, render: 139ms)
 GET /catalogs/11111111-1111-1111-1111-111111111111 200 in 49ms (compile: 15ms, render: 35ms)
 GET /api/admin/cuisines?id=11111111-1111-1111-1111-111111111111 200 in 160ms (compile: 1549µs, render: 158ms)
 GET /api/admin/recipes 200 in 153ms (compile: 1613µs, render: 152ms)
 GET /api/admin/cuisines?id=11111111-1111-1111-1111-111111111111 200 in 106ms (compile: 1346µs, render: 105ms)
 GET /api/admin/recipes 200 in 151ms (compile: 852µs, render: 150ms)
 GET /catalogs 200 in 30ms (compile: 6ms, render: 24ms)
 GET /api/admin/recipes 200 in 137ms (compile: 5ms, render: 132ms)
 GET /api/admin/cuisines 200 in 155ms (compile: 11ms, render: 144ms)
 GET /api/admin/recipes 200 in 125ms (compile: 1481µs, render: 124ms)
 GET /api/admin/cuisines 200 in 121ms (compile: 1297µs, render: 119ms)
 GET /catalogs/11111111-1111-1111-1111-111111111111 200 in 71ms (compile: 29ms, render: 42ms)
 GET /api/admin/cuisines?id=11111111-1111-1111-1111-111111111111 200 in 726ms (compile: 17ms, render: 709ms)
 GET /api/admin/recipes 200 in 707ms (compile: 8ms, render: 699ms)
 GET /api/admin/cuisines?id=11111111-1111-1111-1111-111111111111 200 in 192ms (compile: 2ms, render: 190ms)
 GET /api/admin/recipes 200 in 195ms (compile: 9ms, render: 186ms)
API: Сохранение кухни: {
  id: '11111111-1111-1111-1111-111111111111',
  name: 'Украинская кухня',
  description: 'Борщ, вареники, котлеты',
  image_url: 'https://drive.google.com/file/d/1zc-bzI2DgfSqVsn_q_vBS2TcHvAvwFrD/view?usp=sharing',
  type: 'free',
  price: 0,
  is_default: true,
  unlock_conditions: null,
  owner_id: null,
  is_user_generated: false,
  moderation_status: 'approved',
  status: 'active',
  popularity_score: 0,
  downloads_count: 0,
  purchases_count: 0,
  tags: [ 'традиционная', 'домашняя' ],
  revenue_share: 0
}
 POST /api/admin/cuisines 200 in 268ms (compile: 3ms, render: 265ms)
 GET /catalogs 200 in 26ms (compile: 9ms, render: 17ms)
 GET /api/admin/cuisines 200 in 126ms (compile: 7ms, render: 118ms)
 GET /api/admin/recipes 200 in 195ms (compile: 7ms, render: 188ms)
 GET /api/admin/cuisines 200 in 108ms (compile: 1552µs, render: 107ms)
 GET /api/admin/recipes 200 in 111ms (compile: 1839µs, render: 109ms)
 GET /catalogs/11111111-1111-1111-1111-111111111111 200 in 26ms (compile: 9ms, render: 17ms)
 GET /api/admin/recipes 200 in 107ms (compile: 1896µs, render: 105ms)
 GET /api/admin/cuisines?id=11111111-1111-1111-1111-111111111111 200 in 123ms (compile: 1208µs, render: 122ms)
 GET /api/admin/cuisines?id=11111111-1111-1111-1111-111111111111 200 in 128ms (compile: 1104µs, render: 127ms)
 GET /api/admin/recipes 200 in 139ms (compile: 1017µs, render: 138ms)
API: Сохранение кухни: {
  id: '11111111-1111-1111-1111-111111111111',
  name: 'Украинская кухня',
  description: 'Борщ, вареники, котлеты',
  image_url: 'https://s.mj.run/vyLd74M3wnE',
  type: 'free',
  price: 0,
  is_default: true,
  unlock_conditions: null,
  owner_id: null,
  is_user_generated: false,
  moderation_status: 'approved',
  status: 'active',
  popularity_score: 0,
  downloads_count: 0,
  purchases_count: 0,
  tags: [ 'традиционная', 'домашняя' ],
  revenue_share: 0
}
 POST /api/admin/cuisines 200 in 396ms (compile: 24ms, render: 372ms)
 GET /catalogs 200 in 62ms (compile: 13ms, render: 48ms)
 GET /api/admin/cuisines 200 in 157ms (compile: 5ms, render: 152ms)
 GET /api/admin/cuisines 200 in 166ms (compile: 7ms, render: 159ms)
 GET /api/admin/recipes 200 in 329ms (compile: 101ms, render: 228ms)
 GET /api/admin/recipes 200 in 123ms (compile: 3ms, render: 121ms)
 GET /catalogs/33333333-3333-3333-3333-333333333333 200 in 154ms (compile: 57ms, render: 97ms)
 GET /api/admin/cuisines?id=33333333-3333-3333-3333-333333333333 200 in 386ms (compile: 36ms, render: 350ms)
 GET /api/admin/recipes 200 in 399ms (compile: 4ms, render: 395ms)
 GET /api/admin/cuisines?id=33333333-3333-3333-3333-333333333333 200 in 169ms (compile: 3ms, render: 167ms)
 GET /api/admin/recipes 200 in 167ms (compile: 979µs, render: 166ms)
API: Сохранение кухни: {
  id: '33333333-3333-3333-3333-333333333333',
  name: 'Азиатская кухня',
  description: 'Суши, рамен, вок',
  image_url: 'https://cdn.midjourney.com/05302ebc-d9ea-4426-b16c-ae31fc188524/0_1.png',
  type: 'premium',
  price: 100,
  is_default: false,
  unlock_conditions: null,
  owner_id: null,
  is_user_generated: false,
  moderation_status: 'approved',
  status: 'active',
  popularity_score: 0,
  downloads_count: 0,
  purchases_count: 0,
  tags: [ 'экзотическая', 'азия' ],
  revenue_share: 0
}
 POST /api/admin/cuisines 200 in 395ms (compile: 3ms, render: 392ms)
 GET /catalogs 200 in 65ms (compile: 31ms, render: 34ms)
 GET /api/admin/cuisines 200 in 224ms (compile: 12ms, render: 212ms)
 GET /api/admin/recipes 200 in 236ms (compile: 21ms, render: 215ms)
 GET /api/admin/cuisines 200 in 100ms (compile: 6ms, render: 94ms)
 GET /api/admin/recipes 200 in 107ms (compile: 1654µs, render: 105ms)
 GET /catalogs/33333333-3333-3333-3333-333333333333 200 in 24ms (compile: 8ms, render: 16ms)
 GET /api/admin/cuisines?id=33333333-3333-3333-3333-333333333333 200 in 94ms (compile: 4ms, render: 90ms)
 GET /api/admin/recipes 200 in 128ms (compile: 4ms, render: 124ms)
 GET /api/admin/cuisines?id=33333333-3333-3333-3333-333333333333 200 in 97ms (compile: 1067µs, render: 96ms)
 GET /api/admin/recipes 200 in 120ms (compile: 3ms, render: 117ms)
API: Сохранение кухни: {
  id: '33333333-3333-3333-3333-333333333333',
  name: 'Азиатская кухня',
  description: 'Суши, рамен, вок',
  image_url: 'https://s.mj.run/Mz2KKJWdvTM',
  type: 'premium',
  price: 100,
  is_default: false,
  unlock_conditions: null,
  owner_id: null,
  is_user_generated: false,
  moderation_status: 'approved',
  status: 'active',
  popularity_score: 0,
  downloads_count: 0,
  purchases_count: 0,
  tags: [ 'экзотическая', 'азия' ],
  revenue_share: 0
}
 POST /api/admin/cuisines 200 in 118ms (compile: 4ms, render: 114ms)
API: Сохранение кухни: {
  id: '33333333-3333-3333-3333-333333333333',
  name: 'Азиатская кухня',
  description: 'Суши, рамен, вок',
  image_url: 'https://s.mj.run/Mz2KKJWdvTM',
  type: 'premium',
  price: 100,
  is_default: false,
  unlock_conditions: null,
  owner_id: null,
  is_user_generated: false,
  moderation_status: 'approved',
  status: 'active',
  popularity_score: 0,
  downloads_count: 0,
  purchases_count: 0,
  tags: [ 'экзотическая', 'азия' ],
  revenue_share: 0
}
 POST /api/admin/cuisines 200 in 116ms (compile: 3ms, render: 113ms)
 GET /catalogs 200 in 53ms (compile: 20ms, render: 33ms)
 GET /api/admin/cuisines 200 in 125ms (compile: 3ms, render: 122ms)
 GET /api/admin/recipes 200 in 177ms (compile: 6ms, render: 171ms)
 GET /api/admin/cuisines 200 in 143ms (compile: 2ms, render: 141ms)
 GET /api/admin/recipes 200 in 264ms (compile: 1154µs, render: 263ms)
 GET /catalogs/22222222-2222-2222-2222-222222222222 200 in 665ms (compile: 184ms, render: 481ms)
 GET /api/admin/cuisines?id=22222222-2222-2222-2222-222222222222 200 in 799ms (compile: 13ms, render: 786ms)
 GET /api/admin/recipes 200 in 812ms (compile: 51ms, render: 761ms)
 GET /api/admin/cuisines?id=22222222-2222-2222-2222-222222222222 200 in 135ms (compile: 3ms, render: 133ms)
 GET /api/admin/recipes 200 in 181ms (compile: 8ms, render: 172ms)
API: Сохранение кухни: {
  id: '22222222-2222-2222-2222-222222222222',
  name: 'Для похудения',
  description: 'Легкие и полезные блюда',
  image_url: 'https://s.mj.run/juxjO0QDdG8',
  type: 'free',
  price: 0,
  is_default: true,
  unlock_conditions: null,
  owner_id: null,
  is_user_generated: false,
  moderation_status: 'approved',
  status: 'active',
  popularity_score: 0,
  downloads_count: 0,
  purchases_count: 0,
  tags: [ 'здоровое питание', 'диета' ],
  revenue_share: 0
}
 POST /api/admin/cuisines 200 in 247ms (compile: 4ms, render: 243ms)
 GET /catalogs 200 in 132ms (compile: 40ms, render: 92ms)
 GET /api/admin/cuisines 200 in 302ms (compile: 36ms, render: 265ms)
 GET /api/admin/recipes 200 in 337ms (compile: 4ms, render: 334ms)
 GET /api/admin/cuisines 200 in 119ms (compile: 4ms, render: 115ms)
 GET /api/admin/recipes 200 in 159ms (compile: 18ms, render: 141ms)
 GET /catalogs/44444444-4444-4444-4444-444444444444 200 in 44ms (compile: 24ms, render: 20ms)
 GET /api/admin/cuisines?id=44444444-4444-4444-4444-444444444444 200 in 124ms (compile: 2ms, render: 122ms)
 GET /api/admin/recipes 200 in 132ms (compile: 5ms, render: 127ms)
 GET /api/admin/cuisines?id=44444444-4444-4444-4444-444444444444 200 in 121ms (compile: 1703µs, render: 120ms)
 GET /api/admin/recipes 200 in 116ms (compile: 4ms, render: 113ms)
API: Сохранение кухни: {
  id: '44444444-4444-4444-4444-444444444444',
  name: 'Итальянская кухня',
  description: 'Паста, пицца, ризотто',
  image_url: 'https://s.mj.run/xhcb_xp52Tw',
  type: 'premium',
  price: 0,
  is_default: false,
  unlock_conditions: null,
  owner_id: null,
  is_user_generated: false,
  moderation_status: 'approved',
  status: 'active',
  popularity_score: 0,
  downloads_count: 0,
  purchases_count: 0,
  tags: [ 'европейская', 'средиземноморская' ],
  revenue_share: 0
}
 POST /api/admin/cuisines 200 in 123ms (compile: 3ms, render: 120ms)
 GET /catalogs/44444444-4444-4444-4444-444444444444 200 in 1362ms (compile: 376ms, render: 986ms)
[?25h
